<?xml version="1.0" encoding="UTF-8"?>
<coverage generated="1745952268">
  <project timestamp="1745952268">
    <file name="/home/runner/work/wp-module-data/wp-module-data/includes/API/Capabilities.php">
      <class name="NewfoldLabs\WP\Module\Data\API\Capabilities" namespace="global">
        <metrics complexity="12" methods="4" coveredmethods="4" conditionals="0" coveredconditionals="0" statements="54" coveredstatements="54" elements="58" coveredelements="58"/>
      </class>
      <line num="30" type="method" name="__construct" visibility="public" complexity="1" crap="1" count="1"/>
      <line num="31" type="stmt" count="1"/>
      <line num="33" type="stmt" count="1"/>
      <line num="34" type="stmt" count="1"/>
      <line num="44" type="method" name="register_routes" visibility="public" complexity="1" crap="1" count="1"/>
      <line num="45" type="stmt" count="1"/>
      <line num="46" type="stmt" count="1"/>
      <line num="47" type="stmt" count="1"/>
      <line num="48" type="stmt" count="1"/>
      <line num="49" type="stmt" count="1"/>
      <line num="50" type="stmt" count="1"/>
      <line num="51" type="stmt" count="1"/>
      <line num="52" type="stmt" count="1"/>
      <line num="53" type="stmt" count="1"/>
      <line num="54" type="stmt" count="1"/>
      <line num="55" type="stmt" count="1"/>
      <line num="56" type="stmt" count="1"/>
      <line num="68" type="method" name="check_permission" visibility="public" complexity="2" crap="2" count="2"/>
      <line num="70" type="stmt" count="2"/>
      <line num="71" type="stmt" count="1"/>
      <line num="74" type="stmt" count="1"/>
      <line num="84" type="method" name="update" visibility="public" complexity="8" crap="8" count="4"/>
      <line num="86" type="stmt" count="4"/>
      <line num="87" type="stmt" count="4"/>
      <line num="89" type="stmt" count="4"/>
      <line num="90" type="stmt" count="3"/>
      <line num="91" type="stmt" count="1"/>
      <line num="93" type="stmt" count="4"/>
      <line num="94" type="stmt" count="4"/>
      <line num="95" type="stmt" count="4"/>
      <line num="97" type="stmt" count="4"/>
      <line num="98" type="stmt" count="4"/>
      <line num="99" type="stmt" count="1"/>
      <line num="100" type="stmt" count="1"/>
      <line num="102" type="stmt" count="3"/>
      <line num="103" type="stmt" count="2"/>
      <line num="105" type="stmt" count="1"/>
      <line num="107" type="stmt" count="3"/>
      <line num="110" type="stmt" count="4"/>
      <line num="112" type="stmt" count="4"/>
      <line num="113" type="stmt" count="4"/>
      <line num="114" type="stmt" count="4"/>
      <line num="115" type="stmt" count="4"/>
      <line num="116" type="stmt" count="4"/>
      <line num="117" type="stmt" count="4"/>
      <line num="118" type="stmt" count="4"/>
      <line num="120" type="stmt" count="4"/>
      <line num="121" type="stmt" count="1"/>
      <line num="122" type="stmt" count="4"/>
      <line num="124" type="stmt" count="4"/>
      <line num="125" type="stmt" count="4"/>
      <line num="126" type="stmt" count="4"/>
      <line num="127" type="stmt" count="4"/>
      <line num="128" type="stmt" count="4"/>
      <line num="129" type="stmt" count="4"/>
      <line num="130" type="stmt" count="4"/>
      <line num="131" type="stmt" count="4"/>
      <line num="132" type="stmt" count="4"/>
      <metrics loc="135" ncloc="96" classes="1" methods="4" coveredmethods="4" conditionals="0" coveredconditionals="0" statements="54" coveredstatements="54" elements="58" coveredelements="58"/>
    </file>
    <file name="/home/runner/work/wp-module-data/wp-module-data/includes/API/Events.php">
      <class name="NewfoldLabs\WP\Module\Data\API\Events" namespace="global">
        <metrics complexity="13" methods="5" coveredmethods="0" conditionals="0" coveredconditionals="0" statements="116" coveredstatements="8" elements="121" coveredelements="8"/>
      </class>
      <line num="36" type="method" name="__construct" visibility="public" complexity="1" crap="2" count="0"/>
      <line num="37" type="stmt" count="0"/>
      <line num="38" type="stmt" count="0"/>
      <line num="39" type="stmt" count="0"/>
      <line num="40" type="stmt" count="0"/>
      <line num="49" type="method" name="register_routes" visibility="public" complexity="1" crap="2" count="0"/>
      <line num="51" type="stmt" count="0"/>
      <line num="52" type="stmt" count="0"/>
      <line num="53" type="stmt" count="0"/>
      <line num="54" type="stmt" count="0"/>
      <line num="55" type="stmt" count="0"/>
      <line num="56" type="stmt" count="0"/>
      <line num="57" type="stmt" count="0"/>
      <line num="58" type="stmt" count="0"/>
      <line num="59" type="stmt" count="0"/>
      <line num="60" type="stmt" count="0"/>
      <line num="61" type="stmt" count="0"/>
      <line num="62" type="stmt" count="0"/>
      <line num="63" type="stmt" count="0"/>
      <line num="64" type="stmt" count="0"/>
      <line num="65" type="stmt" count="0"/>
      <line num="66" type="stmt" count="0"/>
      <line num="67" type="stmt" count="0"/>
      <line num="68" type="stmt" count="0"/>
      <line num="69" type="stmt" count="0"/>
      <line num="70" type="stmt" count="0"/>
      <line num="71" type="stmt" count="0"/>
      <line num="72" type="stmt" count="0"/>
      <line num="73" type="stmt" count="0"/>
      <line num="74" type="stmt" count="0"/>
      <line num="75" type="stmt" count="0"/>
      <line num="76" type="stmt" count="0"/>
      <line num="77" type="stmt" count="0"/>
      <line num="78" type="stmt" count="0"/>
      <line num="79" type="stmt" count="0"/>
      <line num="80" type="stmt" count="0"/>
      <line num="81" type="stmt" count="0"/>
      <line num="82" type="stmt" count="0"/>
      <line num="83" type="stmt" count="0"/>
      <line num="84" type="stmt" count="0"/>
      <line num="85" type="stmt" count="0"/>
      <line num="86" type="stmt" count="0"/>
      <line num="87" type="stmt" count="0"/>
      <line num="88" type="stmt" count="0"/>
      <line num="89" type="stmt" count="0"/>
      <line num="90" type="stmt" count="0"/>
      <line num="91" type="stmt" count="0"/>
      <line num="93" type="stmt" count="0"/>
      <line num="94" type="stmt" count="0"/>
      <line num="95" type="stmt" count="0"/>
      <line num="96" type="stmt" count="0"/>
      <line num="97" type="stmt" count="0"/>
      <line num="98" type="stmt" count="0"/>
      <line num="99" type="stmt" count="0"/>
      <line num="100" type="stmt" count="0"/>
      <line num="101" type="stmt" count="0"/>
      <line num="102" type="stmt" count="0"/>
      <line num="103" type="stmt" count="0"/>
      <line num="119" type="method" name="create_item" visibility="public" complexity="4" crap="7.10" count="1"/>
      <line num="121" type="stmt" count="1"/>
      <line num="122" type="stmt" count="1"/>
      <line num="123" type="stmt" count="1"/>
      <line num="125" type="stmt" count="1"/>
      <line num="128" type="stmt" count="1"/>
      <line num="129" type="stmt" count="1"/>
      <line num="131" type="stmt" count="1"/>
      <line num="132" type="stmt" count="0"/>
      <line num="135" type="stmt" count="1"/>
      <line num="139" type="stmt" count="0"/>
      <line num="141" type="stmt" count="0"/>
      <line num="142" type="stmt" count="0"/>
      <line num="143" type="stmt" count="0"/>
      <line num="144" type="stmt" count="0"/>
      <line num="145" type="stmt" count="0"/>
      <line num="146" type="stmt" count="0"/>
      <line num="147" type="stmt" count="0"/>
      <line num="149" type="stmt" count="0"/>
      <line num="151" type="stmt" count="0"/>
      <line num="163" type="method" name="create_item_permissions_check" visibility="public" complexity="2" crap="6" count="0"/>
      <line num="164" type="stmt" count="0"/>
      <line num="165" type="stmt" count="0"/>
      <line num="166" type="stmt" count="0"/>
      <line num="167" type="stmt" count="0"/>
      <line num="168" type="stmt" count="0"/>
      <line num="169" type="stmt" count="0"/>
      <line num="172" type="stmt" count="0"/>
      <line num="181" type="method" name="create_items" visibility="public" complexity="5" crap="30" count="0"/>
      <line num="182" type="stmt" count="0"/>
      <line num="183" type="stmt" count="0"/>
      <line num="184" type="stmt" count="0"/>
      <line num="185" type="stmt" count="0"/>
      <line num="186" type="stmt" count="0"/>
      <line num="187" type="stmt" count="0"/>
      <line num="190" type="stmt" count="0"/>
      <line num="191" type="stmt" count="0"/>
      <line num="192" type="stmt" count="0"/>
      <line num="193" type="stmt" count="0"/>
      <line num="194" type="stmt" count="0"/>
      <line num="195" type="stmt" count="0"/>
      <line num="196" type="stmt" count="0"/>
      <line num="197" type="stmt" count="0"/>
      <line num="198" type="stmt" count="0"/>
      <line num="199" type="stmt" count="0"/>
      <line num="200" type="stmt" count="0"/>
      <line num="201" type="stmt" count="0"/>
      <line num="202" type="stmt" count="0"/>
      <line num="203" type="stmt" count="0"/>
      <line num="204" type="stmt" count="0"/>
      <line num="205" type="stmt" count="0"/>
      <line num="209" type="stmt" count="0"/>
      <line num="210" type="stmt" count="0"/>
      <line num="211" type="stmt" count="0"/>
      <line num="212" type="stmt" count="0"/>
      <line num="213" type="stmt" count="0"/>
      <line num="214" type="stmt" count="0"/>
      <line num="215" type="stmt" count="0"/>
      <line num="216" type="stmt" count="0"/>
      <line num="219" type="stmt" count="0"/>
      <line num="220" type="stmt" count="0"/>
      <line num="221" type="stmt" count="0"/>
      <line num="222" type="stmt" count="0"/>
      <metrics loc="225" ncloc="169" classes="1" methods="5" coveredmethods="0" conditionals="0" coveredconditionals="0" statements="116" coveredstatements="8" elements="121" coveredelements="8"/>
    </file>
    <file name="/home/runner/work/wp-module-data/wp-module-data/includes/API/Verify.php">
      <class name="NewfoldLabs\WP\Module\Data\API\Verify" namespace="global">
        <metrics complexity="4" methods="3" coveredmethods="3" conditionals="0" coveredconditionals="0" statements="30" coveredstatements="30" elements="33" coveredelements="33"/>
      </class>
      <line num="30" type="method" name="__construct" visibility="public" complexity="1" crap="1" count="1"/>
      <line num="31" type="stmt" count="1"/>
      <line num="32" type="stmt" count="1"/>
      <line num="33" type="stmt" count="1"/>
      <line num="44" type="method" name="register_routes" visibility="public" complexity="1" crap="1" count="1"/>
      <line num="46" type="stmt" count="1"/>
      <line num="47" type="stmt" count="1"/>
      <line num="48" type="stmt" count="1"/>
      <line num="49" type="stmt" count="1"/>
      <line num="50" type="stmt" count="1"/>
      <line num="51" type="stmt" count="1"/>
      <line num="52" type="stmt" count="1"/>
      <line num="53" type="stmt" count="1"/>
      <line num="54" type="stmt" count="1"/>
      <line num="55" type="stmt" count="1"/>
      <line num="56" type="stmt" count="1"/>
      <line num="57" type="stmt" count="1"/>
      <line num="58" type="stmt" count="1"/>
      <line num="59" type="stmt" count="1"/>
      <line num="60" type="stmt" count="1"/>
      <line num="61" type="stmt" count="1"/>
      <line num="62" type="stmt" count="1"/>
      <line num="73" type="method" name="get_items" visibility="public" complexity="2" crap="2" count="2"/>
      <line num="74" type="stmt" count="2"/>
      <line num="75" type="stmt" count="2"/>
      <line num="77" type="stmt" count="2"/>
      <line num="78" type="stmt" count="2"/>
      <line num="79" type="stmt" count="2"/>
      <line num="80" type="stmt" count="2"/>
      <line num="81" type="stmt" count="2"/>
      <line num="82" type="stmt" count="2"/>
      <line num="83" type="stmt" count="2"/>
      <line num="85" type="stmt" count="2"/>
      <metrics loc="88" ncloc="58" classes="1" methods="3" coveredmethods="3" conditionals="0" coveredconditionals="0" statements="30" coveredstatements="30" elements="33" coveredelements="33"/>
    </file>
    <file name="/home/runner/work/wp-module-data/wp-module-data/includes/Data.php">
      <class name="NewfoldLabs\WP\Module\Data\Data" namespace="global">
        <metrics complexity="19" methods="6" coveredmethods="4" conditionals="0" coveredconditionals="0" statements="63" coveredstatements="57" elements="69" coveredelements="61"/>
      </class>
      <line num="41" type="method" name="__construct" visibility="public" complexity="1" crap="1" count="1"/>
      <line num="42" type="stmt" count="1"/>
      <line num="44" type="stmt" count="1"/>
      <line num="55" type="method" name="start" visibility="public" complexity="1" crap="1" count="1"/>
      <line num="58" type="stmt" count="1"/>
      <line num="59" type="stmt" count="1"/>
      <line num="62" type="stmt" count="1"/>
      <line num="70" type="method" name="init" visibility="public" complexity="4" crap="4.30" count="1"/>
      <line num="72" type="stmt" count="1"/>
      <line num="74" type="stmt" count="1"/>
      <line num="75" type="stmt" count="1"/>
      <line num="78" type="stmt" count="1"/>
      <line num="82" type="stmt" count="1"/>
      <line num="85" type="stmt" count="0"/>
      <line num="87" type="stmt" count="0"/>
      <line num="90" type="stmt" count="1"/>
      <line num="92" type="stmt" count="1"/>
      <line num="94" type="stmt" count="1"/>
      <line num="95" type="stmt" count="0"/>
      <line num="96" type="stmt" count="0"/>
      <line num="100" type="stmt" count="1"/>
      <line num="101" type="stmt" count="1"/>
      <line num="104" type="stmt" count="1"/>
      <line num="110" type="method" name="scripts" visibility="public" complexity="1" crap="1" count="1"/>
      <line num="111" type="stmt" count="1"/>
      <line num="112" type="stmt" count="1"/>
      <line num="113" type="stmt" count="1"/>
      <line num="114" type="stmt" count="1"/>
      <line num="115" type="stmt" count="1"/>
      <line num="116" type="stmt" count="1"/>
      <line num="117" type="stmt" count="1"/>
      <line num="120" type="stmt" count="1"/>
      <line num="121" type="stmt" count="1"/>
      <line num="122" type="stmt" count="1"/>
      <line num="123" type="stmt" count="1"/>
      <line num="124" type="stmt" count="1"/>
      <line num="125" type="stmt" count="1"/>
      <line num="126" type="stmt" count="1"/>
      <line num="127" type="stmt" count="1"/>
      <line num="142" type="method" name="delete_token_on_401_response" visibility="public" complexity="3" crap="3" count="3"/>
      <line num="144" type="stmt" count="3"/>
      <line num="145" type="stmt" count="1"/>
      <line num="148" type="stmt" count="3"/>
      <line num="165" type="method" name="authenticate" visibility="public" complexity="9" crap="9.04" count="4"/>
      <line num="168" type="stmt" count="4"/>
      <line num="169" type="stmt" count="1"/>
      <line num="173" type="stmt" count="3"/>
      <line num="174" type="stmt" count="1"/>
      <line num="178" type="stmt" count="2"/>
      <line num="179" type="stmt" count="1"/>
      <line num="182" type="stmt" count="1"/>
      <line num="184" type="stmt" count="1"/>
      <line num="185" type="stmt" count="1"/>
      <line num="186" type="stmt" count="1"/>
      <line num="187" type="stmt" count="1"/>
      <line num="188" type="stmt" count="1"/>
      <line num="189" type="stmt" count="1"/>
      <line num="191" type="stmt" count="1"/>
      <line num="192" type="stmt" count="1"/>
      <line num="194" type="stmt" count="1"/>
      <line num="197" type="stmt" count="1"/>
      <line num="199" type="stmt" count="1"/>
      <line num="202" type="stmt" count="0"/>
      <line num="207" type="stmt" count="1"/>
      <line num="208" type="stmt" count="1"/>
      <line num="212" type="stmt" count="1"/>
      <line num="213" type="stmt" count="1"/>
      <line num="215" type="stmt" count="1"/>
      <line num="220" type="stmt" count="0"/>
      <metrics loc="223" ncloc="141" classes="1" methods="6" coveredmethods="4" conditionals="0" coveredconditionals="0" statements="63" coveredstatements="57" elements="69" coveredelements="61"/>
    </file>
    <file name="/home/runner/work/wp-module-data/wp-module-data/includes/Event.php">
      <class name="NewfoldLabs\WP\Module\Data\Event" namespace="global">
        <metrics complexity="7" methods="1" coveredmethods="0" conditionals="0" coveredconditionals="0" statements="23" coveredstatements="20" elements="24" coveredelements="20"/>
      </class>
      <line num="59" type="method" name="__construct" visibility="public" complexity="7" crap="7.11" count="2"/>
      <line num="60" type="stmt" count="2"/>
      <line num="63" type="stmt" count="2"/>
      <line num="64" type="stmt" count="2"/>
      <line num="65" type="stmt" count="2"/>
      <line num="66" type="stmt" count="2"/>
      <line num="69" type="stmt" count="2"/>
      <line num="71" type="stmt" count="0"/>
      <line num="72" type="stmt" count="0"/>
      <line num="74" type="stmt" count="2"/>
      <line num="78" type="stmt" count="2"/>
      <line num="79" type="stmt" count="2"/>
      <line num="80" type="stmt" count="2"/>
      <line num="81" type="stmt" count="2"/>
      <line num="82" type="stmt" count="2"/>
      <line num="83" type="stmt" count="2"/>
      <line num="86" type="stmt" count="2"/>
      <line num="87" type="stmt" count="2"/>
      <line num="88" type="stmt" count="2"/>
      <line num="89" type="stmt" count="2"/>
      <line num="90" type="stmt" count="2"/>
      <line num="91" type="stmt" count="2"/>
      <line num="92" type="stmt" count="2"/>
      <metrics loc="95" ncloc="50" classes="1" methods="1" coveredmethods="0" conditionals="0" coveredconditionals="0" statements="23" coveredstatements="20" elements="24" coveredelements="20"/>
    </file>
    <file name="/home/runner/work/wp-module-data/wp-module-data/includes/EventManager.php">
      <class name="NewfoldLabs\WP\Module\Data\EventManager" namespace="global">
        <metrics complexity="36" methods="13" coveredmethods="8" conditionals="0" coveredconditionals="0" statements="53" coveredstatements="35" elements="66" coveredelements="43"/>
      </class>
      <line num="52" type="method" name="init" visibility="public" complexity="1" crap="1" count="2"/>
      <line num="53" type="stmt" count="2"/>
      <line num="54" type="stmt" count="2"/>
      <line num="57" type="stmt" count="2"/>
      <line num="65" type="method" name="initialize_rest_endpoint" visibility="public" complexity="1" crap="1" count="1"/>
      <line num="67" type="stmt" count="1"/>
      <line num="73" type="method" name="initialize_cron" visibility="protected" complexity="2" crap="2" count="2"/>
      <line num="76" type="stmt" count="2"/>
      <line num="79" type="stmt" count="2"/>
      <line num="82" type="stmt" count="2"/>
      <line num="83" type="stmt" count="1"/>
      <line num="90" type="method" name="rest_api_init" visibility="public" complexity="1" crap="2" count="0"/>
      <line num="91" type="stmt" count="0"/>
      <line num="92" type="stmt" count="0"/>
      <line num="104" type="method" name="add_minutely_schedule" visibility="public" complexity="3" crap="12" count="0"/>
      <line num="105" type="stmt" count="0"/>
      <line num="106" type="stmt" count="0"/>
      <line num="108" type="stmt" count="0"/>
      <line num="109" type="stmt" count="0"/>
      <line num="110" type="stmt" count="0"/>
      <line num="111" type="stmt" count="0"/>
      <line num="114" type="stmt" count="0"/>
      <line num="122" type="method" name="shutdown" visibility="public" complexity="7" crap="7.60" count="5"/>
      <line num="125" type="stmt" count="5"/>
      <line num="126" type="stmt" count="5"/>
      <line num="127" type="stmt" count="5"/>
      <line num="128" type="stmt" count="4"/>
      <line num="133" type="stmt" count="5"/>
      <line num="134" type="stmt" count="5"/>
      <line num="135" type="stmt" count="1"/>
      <line num="136" type="stmt" count="0"/>
      <line num="137" type="stmt" count="0"/>
      <line num="142" type="stmt" count="5"/>
      <line num="143" type="stmt" count="0"/>
      <line num="147" type="stmt" count="5"/>
      <line num="148" type="stmt" count="1"/>
      <line num="157" type="method" name="add_subscriber" visibility="public" complexity="1" crap="1" count="5"/>
      <line num="158" type="stmt" count="5"/>
      <line num="166" type="method" name="get_subscribers" visibility="public" complexity="1" crap="2" count="0"/>
      <line num="167" type="stmt" count="0"/>
      <line num="175" type="method" name="get_listeners" visibility="public" complexity="1" crap="1" count="1"/>
      <line num="176" type="stmt" count="1"/>
      <line num="182" type="method" name="initialize_listeners" visibility="protected" complexity="4" crap="4" count="2"/>
      <line num="183" type="stmt" count="2"/>
      <line num="185" type="stmt" count="1"/>
      <line num="187" type="stmt" count="1"/>
      <line num="188" type="stmt" count="1"/>
      <line num="189" type="stmt" count="1"/>
      <line num="198" type="method" name="push" visibility="public" complexity="1" crap="1" count="4"/>
      <line num="204" type="stmt" count="4"/>
      <line num="205" type="stmt" count="4"/>
      <line num="215" type="method" name="send_request_events" visibility="protected" complexity="5" crap="5" count="1"/>
      <line num="216" type="stmt" count="1"/>
      <line num="220" type="stmt" count="1"/>
      <line num="223" type="stmt" count="1"/>
      <line num="245" type="method" name="send_saved_events_batch" visibility="public" complexity="8" crap="16.00" count="1"/>
      <line num="247" type="stmt" count="1"/>
      <line num="254" type="stmt" count="1"/>
      <line num="257" type="stmt" count="1"/>
      <line num="258" type="stmt" count="0"/>
      <line num="262" type="stmt" count="1"/>
      <line num="265" type="stmt" count="1"/>
      <line num="268" type="stmt" count="0"/>
      <line num="272" type="stmt" count="0"/>
      <line num="275" type="stmt" count="0"/>
      <line num="298" type="stmt" count="0"/>
      <metrics loc="301" ncloc="184" classes="1" methods="13" coveredmethods="8" conditionals="0" coveredconditionals="0" statements="53" coveredstatements="35" elements="66" coveredelements="43"/>
    </file>
    <file name="/home/runner/work/wp-module-data/wp-module-data/includes/EventQueue/EventQueue.php">
      <class name="NewfoldLabs\WP\Module\Data\EventQueue\EventQueue" namespace="global">
        <metrics complexity="5" methods="4" coveredmethods="0" conditionals="0" coveredconditionals="0" statements="28" coveredstatements="0" elements="32" coveredelements="0"/>
      </class>
      <line num="28" type="method" name="getInstance" visibility="public" complexity="2" crap="6" count="0"/>
      <line num="29" type="stmt" count="0"/>
      <line num="30" type="stmt" count="0"/>
      <line num="33" type="stmt" count="0"/>
      <line num="41" type="method" name="__construct" visibility="private" complexity="1" crap="2" count="0"/>
      <line num="43" type="stmt" count="0"/>
      <line num="45" type="stmt" count="0"/>
      <line num="46" type="stmt" count="0"/>
      <line num="47" type="stmt" count="0"/>
      <line num="48" type="stmt" count="0"/>
      <line num="49" type="stmt" count="0"/>
      <line num="51" type="stmt" count="0"/>
      <line num="52" type="stmt" count="0"/>
      <line num="53" type="stmt" count="0"/>
      <line num="54" type="stmt" count="0"/>
      <line num="55" type="stmt" count="0"/>
      <line num="56" type="stmt" count="0"/>
      <line num="57" type="stmt" count="0"/>
      <line num="58" type="stmt" count="0"/>
      <line num="60" type="stmt" count="0"/>
      <line num="61" type="stmt" count="0"/>
      <line num="62" type="stmt" count="0"/>
      <line num="63" type="stmt" count="0"/>
      <line num="64" type="stmt" count="0"/>
      <line num="65" type="stmt" count="0"/>
      <line num="66" type="stmt" count="0"/>
      <line num="67" type="stmt" count="0"/>
      <line num="69" type="stmt" count="0"/>
      <line num="77" type="method" name="container" visibility="public" complexity="1" crap="2" count="0"/>
      <line num="78" type="stmt" count="0"/>
      <line num="86" type="method" name="queue" visibility="public" complexity="1" crap="2" count="0"/>
      <line num="87" type="stmt" count="0"/>
      <metrics loc="90" ncloc="62" classes="1" methods="4" coveredmethods="0" conditionals="0" coveredconditionals="0" statements="28" coveredstatements="0" elements="32" coveredelements="0"/>
    </file>
    <file name="/home/runner/work/wp-module-data/wp-module-data/includes/EventQueue/Queryable.php">
      <class name="NewfoldLabs\WP\Module\Data\EventQueue\Queryable" namespace="global">
        <metrics complexity="6" methods="3" coveredmethods="0" conditionals="0" coveredconditionals="0" statements="18" coveredstatements="0" elements="21" coveredelements="0"/>
      </class>
      <line num="12" type="method" name="query" visibility="protected" complexity="1" crap="2" count="0"/>
      <line num="13" type="stmt" count="0"/>
      <line num="21" type="method" name="table" visibility="protected" complexity="1" crap="2" count="0"/>
      <line num="22" type="stmt" count="0"/>
      <line num="34" type="method" name="bulkInsert" visibility="protected" complexity="4" crap="20" count="0"/>
      <line num="35" type="stmt" count="0"/>
      <line num="38" type="stmt" count="0"/>
      <line num="39" type="stmt" count="0"/>
      <line num="40" type="stmt" count="0"/>
      <line num="43" type="stmt" count="0"/>
      <line num="44" type="stmt" count="0"/>
      <line num="45" type="stmt" count="0"/>
      <line num="48" type="stmt" count="0"/>
      <line num="49" type="stmt" count="0"/>
      <line num="50" type="stmt" count="0"/>
      <line num="52" type="stmt" count="0"/>
      <line num="53" type="stmt" count="0"/>
      <line num="54" type="stmt" count="0"/>
      <line num="57" type="stmt" count="0"/>
      <line num="61" type="stmt" count="0"/>
      <line num="64" type="stmt" count="0"/>
      <metrics loc="67" ncloc="43" classes="1" methods="3" coveredmethods="0" conditionals="0" coveredconditionals="0" statements="18" coveredstatements="0" elements="21" coveredelements="0"/>
    </file>
    <file name="/home/runner/work/wp-module-data/wp-module-data/includes/EventQueue/Queues/BatchQueue.php">
      <class name="NewfoldLabs\WP\Module\Data\EventQueue\Queues\BatchQueue" namespace="global">
        <metrics complexity="14" methods="7" coveredmethods="0" conditionals="0" coveredconditionals="0" statements="51" coveredstatements="0" elements="58" coveredelements="0"/>
      </class>
      <line num="25" type="method" name="__construct" visibility="public" complexity="1" crap="2" count="0"/>
      <line num="26" type="stmt" count="0"/>
      <line num="36" type="method" name="push" visibility="public" complexity="2" crap="6" count="0"/>
      <line num="38" type="stmt" count="0"/>
      <line num="40" type="stmt" count="0"/>
      <line num="41" type="stmt" count="0"/>
      <line num="42" type="stmt" count="0"/>
      <line num="43" type="stmt" count="0"/>
      <line num="44" type="stmt" count="0"/>
      <line num="45" type="stmt" count="0"/>
      <line num="46" type="stmt" count="0"/>
      <line num="49" type="stmt" count="0"/>
      <line num="57" type="method" name="pull" visibility="public" complexity="7" crap="56" count="0"/>
      <line num="59" type="stmt" count="0"/>
      <line num="61" type="stmt" count="0"/>
      <line num="62" type="stmt" count="0"/>
      <line num="63" type="stmt" count="0"/>
      <line num="64" type="stmt" count="0"/>
      <line num="65" type="stmt" count="0"/>
      <line num="66" type="stmt" count="0"/>
      <line num="67" type="stmt" count="0"/>
      <line num="68" type="stmt" count="0"/>
      <line num="69" type="stmt" count="0"/>
      <line num="71" type="stmt" count="0"/>
      <line num="72" type="stmt" count="0"/>
      <line num="75" type="stmt" count="0"/>
      <line num="76" type="stmt" count="0"/>
      <line num="77" type="stmt" count="0"/>
      <line num="78" type="stmt" count="0"/>
      <line num="79" type="stmt" count="0"/>
      <line num="81" type="stmt" count="0"/>
      <line num="85" type="stmt" count="0"/>
      <line num="95" type="method" name="remove" visibility="public" complexity="1" crap="2" count="0"/>
      <line num="96" type="stmt" count="0"/>
      <line num="97" type="stmt" count="0"/>
      <line num="98" type="stmt" count="0"/>
      <line num="99" type="stmt" count="0"/>
      <line num="100" type="stmt" count="0"/>
      <line num="110" type="method" name="reserve" visibility="public" complexity="1" crap="2" count="0"/>
      <line num="111" type="stmt" count="0"/>
      <line num="112" type="stmt" count="0"/>
      <line num="113" type="stmt" count="0"/>
      <line num="114" type="stmt" count="0"/>
      <line num="115" type="stmt" count="0"/>
      <line num="125" type="method" name="release" visibility="public" complexity="1" crap="2" count="0"/>
      <line num="126" type="stmt" count="0"/>
      <line num="127" type="stmt" count="0"/>
      <line num="128" type="stmt" count="0"/>
      <line num="129" type="stmt" count="0"/>
      <line num="130" type="stmt" count="0"/>
      <line num="138" type="method" name="count" visibility="public" complexity="1" crap="2" count="0"/>
      <line num="139" type="stmt" count="0"/>
      <line num="140" type="stmt" count="0"/>
      <line num="141" type="stmt" count="0"/>
      <line num="142" type="stmt" count="0"/>
      <line num="143" type="stmt" count="0"/>
      <line num="144" type="stmt" count="0"/>
      <line num="145" type="stmt" count="0"/>
      <metrics loc="148" ncloc="100" classes="1" methods="7" coveredmethods="0" conditionals="0" coveredconditionals="0" statements="51" coveredstatements="0" elements="58" coveredelements="0"/>
    </file>
    <file name="/home/runner/work/wp-module-data/wp-module-data/includes/EventQueue/Queues/BatchQueueInterface.php">
      <metrics loc="59" ncloc="21" classes="0" methods="0" coveredmethods="0" conditionals="0" coveredconditionals="0" statements="0" coveredstatements="0" elements="0" coveredelements="0"/>
    </file>
    <file name="/home/runner/work/wp-module-data/wp-module-data/includes/Helpers/Encryption.php">
      <class name="NewfoldLabs\WP\Module\Data\Helpers\Encryption" namespace="global">
        <metrics complexity="14" methods="5" coveredmethods="0" conditionals="0" coveredconditionals="0" statements="27" coveredstatements="0" elements="32" coveredelements="0"/>
      </class>
      <line num="47" type="method" name="__construct" visibility="public" complexity="1" crap="2" count="0"/>
      <line num="48" type="stmt" count="0"/>
      <line num="49" type="stmt" count="0"/>
      <line num="50" type="stmt" count="0"/>
      <line num="51" type="stmt" count="0"/>
      <line num="61" type="method" name="get_key" visibility="private" complexity="3" crap="12" count="0"/>
      <line num="62" type="stmt" count="0"/>
      <line num="63" type="stmt" count="0"/>
      <line num="69" type="stmt" count="0"/>
      <line num="79" type="method" name="get_salt" visibility="private" complexity="3" crap="12" count="0"/>
      <line num="80" type="stmt" count="0"/>
      <line num="81" type="stmt" count="0"/>
      <line num="87" type="stmt" count="0"/>
      <line num="100" type="method" name="encrypt" visibility="public" complexity="3" crap="12" count="0"/>
      <line num="103" type="stmt" count="0"/>
      <line num="104" type="stmt" count="0"/>
      <line num="107" type="stmt" count="0"/>
      <line num="108" type="stmt" count="0"/>
      <line num="110" type="stmt" count="0"/>
      <line num="113" type="stmt" count="0"/>
      <line num="114" type="stmt" count="0"/>
      <line num="117" type="stmt" count="0"/>
      <line num="129" type="method" name="decrypt" visibility="public" complexity="4" crap="20" count="0"/>
      <line num="132" type="stmt" count="0"/>
      <line num="133" type="stmt" count="0"/>
      <line num="136" type="stmt" count="0"/>
      <line num="139" type="stmt" count="0"/>
      <line num="142" type="stmt" count="0"/>
      <line num="145" type="stmt" count="0"/>
      <line num="148" type="stmt" count="0"/>
      <line num="149" type="stmt" count="0"/>
      <line num="153" type="stmt" count="0"/>
      <metrics loc="156" ncloc="78" classes="1" methods="5" coveredmethods="0" conditionals="0" coveredconditionals="0" statements="27" coveredstatements="0" elements="32" coveredelements="0"/>
    </file>
    <file name="/home/runner/work/wp-module-data/wp-module-data/includes/Helpers/Plugin.php">
      <class name="NewfoldLabs\WP\Module\Data\Helpers\Plugin" namespace="global">
        <metrics complexity="16" methods="5" coveredmethods="4" conditionals="0" coveredconditionals="0" statements="38" coveredstatements="36" elements="43" coveredelements="40"/>
      </class>
      <line num="18" type="method" name="collect" visibility="public" complexity="2" crap="2" count="3"/>
      <line num="20" type="stmt" count="3"/>
      <line num="21" type="stmt" count="1"/>
      <line num="24" type="stmt" count="3"/>
      <line num="32" type="method" name="collect_installed" visibility="public" complexity="4" crap="4.25" count="1"/>
      <line num="33" type="stmt" count="1"/>
      <line num="34" type="stmt" count="0"/>
      <line num="37" type="stmt" count="1"/>
      <line num="40" type="stmt" count="1"/>
      <line num="41" type="stmt" count="1"/>
      <line num="45" type="stmt" count="1"/>
      <line num="46" type="stmt" count="0"/>
      <line num="49" type="stmt" count="1"/>
      <line num="61" type="method" name="get_data" visibility="public" complexity="6" crap="6" count="3"/>
      <line num="62" type="stmt" count="3"/>
      <line num="63" type="stmt" count="3"/>
      <line num="64" type="stmt" count="3"/>
      <line num="65" type="stmt" count="3"/>
      <line num="66" type="stmt" count="3"/>
      <line num="67" type="stmt" count="3"/>
      <line num="68" type="stmt" count="3"/>
      <line num="69" type="stmt" count="3"/>
      <line num="71" type="stmt" count="3"/>
      <line num="72" type="stmt" count="1"/>
      <line num="75" type="stmt" count="3"/>
      <line num="83" type="method" name="does_it_autoupdate" visibility="protected" complexity="2" crap="2" count="3"/>
      <line num="85" type="stmt" count="3"/>
      <line num="86" type="stmt" count="1"/>
      <line num="90" type="stmt" count="2"/>
      <line num="92" type="stmt" count="2"/>
      <line num="100" type="method" name="get_admin_users" visibility="protected" complexity="2" crap="2" count="1"/>
      <line num="102" type="stmt" count="1"/>
      <line num="103" type="stmt" count="1"/>
      <line num="104" type="stmt" count="1"/>
      <line num="105" type="stmt" count="1"/>
      <line num="106" type="stmt" count="1"/>
      <line num="107" type="stmt" count="1"/>
      <line num="110" type="stmt" count="1"/>
      <line num="111" type="stmt" count="1"/>
      <line num="112" type="stmt" count="1"/>
      <line num="113" type="stmt" count="1"/>
      <line num="114" type="stmt" count="1"/>
      <line num="117" type="stmt" count="1"/>
      <metrics loc="120" ncloc="78" classes="1" methods="5" coveredmethods="4" conditionals="0" coveredconditionals="0" statements="38" coveredstatements="36" elements="43" coveredelements="40"/>
    </file>
    <file name="/home/runner/work/wp-module-data/wp-module-data/includes/Helpers/SiteHealth.php">
      <class name="NewfoldLabs\WP\Module\Data\Helpers\SiteHealth" namespace="global">
        <metrics complexity="20" methods="3" coveredmethods="0" conditionals="0" coveredconditionals="0" statements="39" coveredstatements="0" elements="42" coveredelements="0"/>
      </class>
      <line num="39" type="method" name="get_raw_data" visibility="public" complexity="2" crap="6" count="0"/>
      <line num="40" type="stmt" count="0"/>
      <line num="41" type="stmt" count="0"/>
      <line num="44" type="stmt" count="0"/>
      <line num="46" type="stmt" count="0"/>
      <line num="48" type="stmt" count="0"/>
      <line num="60" type="method" name="get_safe_data" visibility="public" complexity="16" crap="272" count="0"/>
      <line num="61" type="stmt" count="0"/>
      <line num="62" type="stmt" count="0"/>
      <line num="65" type="stmt" count="0"/>
      <line num="67" type="stmt" count="0"/>
      <line num="69" type="stmt" count="0"/>
      <line num="70" type="stmt" count="0"/>
      <line num="73" type="stmt" count="0"/>
      <line num="74" type="stmt" count="0"/>
      <line num="75" type="stmt" count="0"/>
      <line num="78" type="stmt" count="0"/>
      <line num="79" type="stmt" count="0"/>
      <line num="81" type="stmt" count="0"/>
      <line num="85" type="stmt" count="0"/>
      <line num="86" type="stmt" count="0"/>
      <line num="88" type="stmt" count="0"/>
      <line num="89" type="stmt" count="0"/>
      <line num="91" type="stmt" count="0"/>
      <line num="92" type="stmt" count="0"/>
      <line num="93" type="stmt" count="0"/>
      <line num="94" type="stmt" count="0"/>
      <line num="96" type="stmt" count="0"/>
      <line num="99" type="stmt" count="0"/>
      <line num="103" type="stmt" count="0"/>
      <line num="105" type="stmt" count="0"/>
      <line num="120" type="method" name="calculate_score" visibility="public" complexity="2" crap="6" count="0"/>
      <line num="121" type="stmt" count="0"/>
      <line num="123" type="stmt" count="0"/>
      <line num="124" type="stmt" count="0"/>
      <line num="125" type="stmt" count="0"/>
      <line num="126" type="stmt" count="0"/>
      <line num="127" type="stmt" count="0"/>
      <line num="128" type="stmt" count="0"/>
      <line num="131" type="stmt" count="0"/>
      <line num="132" type="stmt" count="0"/>
      <line num="135" type="stmt" count="0"/>
      <metrics loc="138" ncloc="86" classes="1" methods="3" coveredmethods="0" conditionals="0" coveredconditionals="0" statements="39" coveredstatements="0" elements="42" coveredelements="0"/>
    </file>
    <file name="/home/runner/work/wp-module-data/wp-module-data/includes/Helpers/Transient.php">
      <class name="NewfoldLabs\WP\Module\Data\Helpers\Transient" namespace="global">
        <metrics complexity="16" methods="5" coveredmethods="2" conditionals="0" coveredconditionals="0" statements="39" coveredstatements="27" elements="44" coveredelements="29"/>
      </class>
      <line num="15" type="method" name="should_use_transients" visibility="protected" complexity="2" crap="2" count="2"/>
      <line num="16" type="stmt" count="2"/>
      <line num="17" type="stmt" count="2"/>
      <line num="18" type="stmt" count="2"/>
      <line num="31" type="method" name="get" visibility="public" complexity="6" crap="6.13" count="4"/>
      <line num="32" type="stmt" count="4"/>
      <line num="33" type="stmt" count="2"/>
      <line num="39" type="stmt" count="2"/>
      <line num="40" type="stmt" count="2"/>
      <line num="41" type="stmt" count="0"/>
      <line num="49" type="stmt" count="2"/>
      <line num="50" type="stmt" count="2"/>
      <line num="51" type="stmt" count="2"/>
      <line num="52" type="stmt" count="1"/>
      <line num="54" type="stmt" count="1"/>
      <line num="55" type="stmt" count="2"/>
      <line num="62" type="stmt" count="0"/>
      <line num="68" type="stmt" count="2"/>
      <line num="83" type="method" name="set" visibility="public" complexity="3" crap="3" count="3"/>
      <line num="84" type="stmt" count="3"/>
      <line num="85" type="stmt" count="1"/>
      <line num="91" type="stmt" count="2"/>
      <line num="92" type="stmt" count="2"/>
      <line num="94" type="stmt" count="2"/>
      <line num="95" type="stmt" count="2"/>
      <line num="96" type="stmt" count="2"/>
      <line num="97" type="stmt" count="2"/>
      <line num="99" type="stmt" count="2"/>
      <line num="101" type="stmt" count="2"/>
      <line num="102" type="stmt" count="2"/>
      <line num="103" type="stmt" count="2"/>
      <line num="106" type="stmt" count="2"/>
      <line num="118" type="method" name="delete" visibility="public" complexity="3" crap="12" count="0"/>
      <line num="119" type="stmt" count="0"/>
      <line num="120" type="stmt" count="0"/>
      <line num="128" type="stmt" count="0"/>
      <line num="130" type="stmt" count="0"/>
      <line num="132" type="stmt" count="0"/>
      <line num="139" type="stmt" count="0"/>
      <line num="142" type="stmt" count="0"/>
      <line num="154" type="method" name="__call" visibility="public" complexity="2" crap="6" count="0"/>
      <line num="155" type="stmt" count="0"/>
      <line num="156" type="stmt" count="0"/>
      <line num="158" type="stmt" count="0"/>
      <metrics loc="161" ncloc="83" classes="1" methods="5" coveredmethods="2" conditionals="0" coveredconditionals="0" statements="39" coveredstatements="27" elements="44" coveredelements="29"/>
    </file>
    <file name="/home/runner/work/wp-module-data/wp-module-data/includes/HiiveConnection.php">
      <class name="NewfoldLabs\WP\Module\Data\HiiveConnection" namespace="global">
        <metrics complexity="46" methods="17" coveredmethods="8" conditionals="0" coveredconditionals="0" statements="143" coveredstatements="108" elements="160" coveredelements="116"/>
      </class>
      <line num="47" type="method" name="__construct" visibility="public" complexity="2" crap="2" count="1"/>
      <line num="49" type="stmt" count="1"/>
      <line num="50" type="stmt" count="1"/>
      <line num="53" type="stmt" count="1"/>
      <line num="61" type="method" name="register_verification_hooks" visibility="public" complexity="1" crap="1" count="1"/>
      <line num="62" type="stmt" count="1"/>
      <line num="63" type="stmt" count="1"/>
      <line num="71" type="method" name="rest_api_init" visibility="public" complexity="1" crap="2" count="0"/>
      <line num="72" type="stmt" count="0"/>
      <line num="73" type="stmt" count="0"/>
      <line num="87" type="method" name="ajax_verify" visibility="public" complexity="2" crap="6" count="0"/>
      <line num="90" type="stmt" count="0"/>
      <line num="92" type="stmt" count="0"/>
      <line num="93" type="stmt" count="0"/>
      <line num="95" type="stmt" count="0"/>
      <line num="96" type="stmt" count="0"/>
      <line num="97" type="stmt" count="0"/>
      <line num="98" type="stmt" count="0"/>
      <line num="99" type="stmt" count="0"/>
      <line num="109" type="method" name="verify_token" visibility="public" complexity="3" crap="12" count="0"/>
      <line num="110" type="stmt" count="0"/>
      <line num="112" type="stmt" count="0"/>
      <line num="113" type="stmt" count="0"/>
      <line num="115" type="stmt" count="0"/>
      <line num="118" type="stmt" count="0"/>
      <line num="128" type="method" name="is_connected" visibility="public" complexity="1" crap="1" count="4"/>
      <line num="129" type="stmt" count="4"/>
      <line num="142" type="method" name="connect" visibility="public" complexity="6" crap="6.01" count="1"/>
      <line num="144" type="stmt" count="1"/>
      <line num="145" type="stmt" count="0"/>
      <line num="148" type="stmt" count="1"/>
      <line num="150" type="stmt" count="1"/>
      <line num="151" type="stmt" count="1"/>
      <line num="153" type="stmt" count="1"/>
      <line num="154" type="stmt" count="1"/>
      <line num="155" type="stmt" count="1"/>
      <line num="157" type="stmt" count="1"/>
      <line num="158" type="stmt" count="1"/>
      <line num="159" type="stmt" count="1"/>
      <line num="160" type="stmt" count="1"/>
      <line num="161" type="stmt" count="1"/>
      <line num="162" type="stmt" count="1"/>
      <line num="163" type="stmt" count="1"/>
      <line num="164" type="stmt" count="1"/>
      <line num="165" type="stmt" count="1"/>
      <line num="167" type="stmt" count="1"/>
      <line num="168" type="stmt" count="1"/>
      <line num="171" type="stmt" count="1"/>
      <line num="172" type="stmt" count="1"/>
      <line num="174" type="stmt" count="1"/>
      <line num="175" type="stmt" count="1"/>
      <line num="178" type="stmt" count="1"/>
      <line num="179" type="stmt" count="1"/>
      <line num="180" type="stmt" count="1"/>
      <line num="183" type="stmt" count="1"/>
      <line num="184" type="stmt" count="1"/>
      <line num="187" type="stmt" count="0"/>
      <line num="197" type="method" name="reconnect" visibility="public" complexity="1" crap="1" count="1"/>
      <line num="198" type="stmt" count="1"/>
      <line num="206" type="method" name="throttle" visibility="public" complexity="1" crap="2" count="0"/>
      <line num="207" type="stmt" count="0"/>
      <line num="209" type="stmt" count="0"/>
      <line num="217" type="method" name="get_throttle_interval" visibility="public" complexity="5" crap="30" count="0"/>
      <line num="219" type="stmt" count="0"/>
      <line num="227" type="stmt" count="0"/>
      <line num="228" type="stmt" count="0"/>
      <line num="229" type="stmt" count="0"/>
      <line num="230" type="stmt" count="0"/>
      <line num="231" type="stmt" count="0"/>
      <line num="232" type="stmt" count="0"/>
      <line num="233" type="stmt" count="0"/>
      <line num="234" type="stmt" count="0"/>
      <line num="236" type="stmt" count="0"/>
      <line num="245" type="method" name="is_throttled" visibility="public" complexity="1" crap="2" count="0"/>
      <line num="246" type="stmt" count="0"/>
      <line num="248" type="stmt" count="0"/>
      <line num="261" type="method" name="send_event" visibility="public" complexity="3" crap="3.04" count="1"/>
      <line num="263" type="stmt" count="1"/>
      <line num="264" type="stmt" count="1"/>
      <line num="265" type="stmt" count="1"/>
      <line num="266" type="stmt" count="1"/>
      <line num="268" type="stmt" count="1"/>
      <line num="270" type="stmt" count="1"/>
      <line num="271" type="stmt" count="0"/>
      <line num="274" type="stmt" count="1"/>
      <line num="276" type="stmt" count="1"/>
      <line num="277" type="stmt" count="0"/>
      <line num="285" type="stmt" count="1"/>
      <line num="287" type="stmt" count="1"/>
      <line num="300" type="method" name="notify" visibility="public" complexity="6" crap="6" count="6"/>
      <line num="302" type="stmt" count="6"/>
      <line num="303" type="stmt" count="6"/>
      <line num="304" type="stmt" count="6"/>
      <line num="305" type="stmt" count="6"/>
      <line num="307" type="stmt" count="6"/>
      <line num="309" type="stmt" count="6"/>
      <line num="310" type="stmt" count="1"/>
      <line num="313" type="stmt" count="5"/>
      <line num="314" type="stmt" count="1"/>
      <line num="317" type="stmt" count="4"/>
      <line num="320" type="stmt" count="4"/>
      <line num="321" type="stmt" count="2"/>
      <line num="324" type="stmt" count="2"/>
      <line num="340" type="method" name="hiive_request" visibility="public" complexity="8" crap="8.03" count="5"/>
      <line num="348" type="stmt" count="5"/>
      <line num="352" type="stmt" count="5"/>
      <line num="353" type="stmt" count="1"/>
      <line num="356" type="stmt" count="4"/>
      <line num="357" type="stmt" count="4"/>
      <line num="358" type="stmt" count="4"/>
      <line num="359" type="stmt" count="4"/>
      <line num="360" type="stmt" count="4"/>
      <line num="361" type="stmt" count="4"/>
      <line num="362" type="stmt" count="4"/>
      <line num="363" type="stmt" count="4"/>
      <line num="364" type="stmt" count="4"/>
      <line num="366" type="stmt" count="4"/>
      <line num="368" type="stmt" count="4"/>
      <line num="369" type="stmt" count="3"/>
      <line num="372" type="stmt" count="4"/>
      <line num="375" type="stmt" count="4"/>
      <line num="376" type="stmt" count="0"/>
      <line num="380" type="stmt" count="4"/>
      <line num="381" type="stmt" count="1"/>
      <line num="382" type="stmt" count="1"/>
      <line num="383" type="stmt" count="1"/>
      <line num="384" type="stmt" count="0"/>
      <line num="386" type="stmt" count="1"/>
      <line num="391" type="stmt" count="3"/>
      <line num="393" type="stmt" count="3"/>
      <line num="403" type="method" name="get_auth_token" visibility="public" complexity="1" crap="1" count="6"/>
      <line num="404" type="stmt" count="6"/>
      <line num="412" type="method" name="get_core_data" visibility="public" complexity="3" crap="3" count="2"/>
      <line num="413" type="stmt" count="2"/>
      <line num="414" type="stmt" count="2"/>
      <line num="416" type="stmt" count="2"/>
      <line num="417" type="stmt" count="2"/>
      <line num="418" type="stmt" count="2"/>
      <line num="419" type="stmt" count="2"/>
      <line num="420" type="stmt" count="2"/>
      <line num="421" type="stmt" count="2"/>
      <line num="422" type="stmt" count="2"/>
      <line num="423" type="stmt" count="2"/>
      <line num="424" type="stmt" count="2"/>
      <line num="425" type="stmt" count="2"/>
      <line num="426" type="stmt" count="2"/>
      <line num="427" type="stmt" count="2"/>
      <line num="428" type="stmt" count="2"/>
      <line num="429" type="stmt" count="2"/>
      <line num="430" type="stmt" count="2"/>
      <line num="431" type="stmt" count="2"/>
      <line num="433" type="stmt" count="2"/>
      <line num="444" type="method" name="add_plugin_name_version_to_user_agent" visibility="public" complexity="1" crap="1" count="3"/>
      <line num="445" type="stmt" count="3"/>
      <line num="446" type="stmt" count="3"/>
      <line num="447" type="stmt" count="3"/>
      <line num="449" type="stmt" count="3"/>
      <line num="451" type="stmt" count="3"/>
      <line num="453" type="stmt" count="3"/>
      <metrics loc="456" ncloc="284" classes="1" methods="17" coveredmethods="8" conditionals="0" coveredconditionals="0" statements="143" coveredstatements="108" elements="160" coveredelements="116"/>
    </file>
    <file name="/home/runner/work/wp-module-data/wp-module-data/includes/HiiveWorker.php">
      <class name="NewfoldLabs\WP\Module\Data\HiiveWorker" namespace="global">
        <metrics complexity="3" methods="2" coveredmethods="0" conditionals="0" coveredconditionals="0" statements="9" coveredstatements="0" elements="11" coveredelements="0"/>
      </class>
      <line num="33" type="method" name="__construct" visibility="public" complexity="2" crap="6" count="0"/>
      <line num="35" type="stmt" count="0"/>
      <line num="36" type="stmt" count="0"/>
      <line num="39" type="stmt" count="0"/>
      <line num="40" type="stmt" count="0"/>
      <line num="50" type="method" name="request" visibility="public" complexity="1" crap="2" count="0"/>
      <line num="51" type="stmt" count="0"/>
      <line num="53" type="stmt" count="0"/>
      <line num="54" type="stmt" count="0"/>
      <line num="55" type="stmt" count="0"/>
      <line num="56" type="stmt" count="0"/>
      <metrics loc="59" ncloc="30" classes="1" methods="2" coveredmethods="0" conditionals="0" coveredconditionals="0" statements="9" coveredstatements="0" elements="11" coveredelements="0"/>
    </file>
    <file name="/home/runner/work/wp-module-data/wp-module-data/includes/Listeners/Admin.php">
      <class name="NewfoldLabs\WP\Module\Data\Listeners\Admin" namespace="global">
        <metrics complexity="12" methods="5" coveredmethods="1" conditionals="0" coveredconditionals="0" statements="33" coveredstatements="5" elements="38" coveredelements="6"/>
      </class>
      <line num="15" type="method" name="register_hooks" visibility="public" complexity="1" crap="1" count="1"/>
      <line num="17" type="stmt" count="1"/>
      <line num="18" type="stmt" count="1"/>
      <line num="21" type="stmt" count="1"/>
      <line num="24" type="stmt" count="1"/>
      <line num="27" type="stmt" count="1"/>
      <line num="35" type="method" name="view" visibility="public" complexity="3" crap="12" count="0"/>
      <line num="36" type="stmt" count="0"/>
      <line num="38" type="stmt" count="0"/>
      <line num="39" type="stmt" count="0"/>
      <line num="42" type="stmt" count="0"/>
      <line num="43" type="stmt" count="0"/>
      <line num="44" type="stmt" count="0"/>
      <line num="45" type="stmt" count="0"/>
      <line num="46" type="stmt" count="0"/>
      <line num="47" type="stmt" count="0"/>
      <line num="48" type="stmt" count="0"/>
      <line num="59" type="method" name="site_url_change" visibility="public" complexity="2" crap="6" count="0"/>
      <line num="60" type="stmt" count="0"/>
      <line num="61" type="stmt" count="0"/>
      <line num="62" type="stmt" count="0"/>
      <line num="63" type="stmt" count="0"/>
      <line num="64" type="stmt" count="0"/>
      <line num="65" type="stmt" count="0"/>
      <line num="66" type="stmt" count="0"/>
      <line num="67" type="stmt" count="0"/>
      <line num="68" type="stmt" count="0"/>
      <line num="69" type="stmt" count="0"/>
      <line num="70" type="stmt" count="0"/>
      <line num="71" type="stmt" count="0"/>
      <line num="72" type="stmt" count="0"/>
      <line num="73" type="stmt" count="0"/>
      <line num="85" type="method" name="login" visibility="public" complexity="5" crap="30" count="0"/>
      <line num="86" type="stmt" count="0"/>
      <line num="87" type="stmt" count="0"/>
      <line num="88" type="stmt" count="0"/>
      <line num="97" type="method" name="logout" visibility="public" complexity="1" crap="2" count="0"/>
      <line num="98" type="stmt" count="0"/>
      <metrics loc="101" ncloc="63" classes="1" methods="5" coveredmethods="1" conditionals="0" coveredconditionals="0" statements="33" coveredstatements="5" elements="38" coveredelements="6"/>
    </file>
    <file name="/home/runner/work/wp-module-data/wp-module-data/includes/Listeners/BluehostPlugin.php">
      <class name="NewfoldLabs\WP\Module\Data\Listeners\BluehostPlugin" namespace="global">
        <metrics complexity="7" methods="7" coveredmethods="1" conditionals="0" coveredconditionals="0" statements="50" coveredstatements="8" elements="57" coveredelements="9"/>
      </class>
      <line num="15" type="method" name="register_hooks" visibility="public" complexity="1" crap="1" count="1"/>
      <line num="18" type="stmt" count="1"/>
      <line num="21" type="stmt" count="1"/>
      <line num="22" type="stmt" count="1"/>
      <line num="25" type="stmt" count="1"/>
      <line num="26" type="stmt" count="1"/>
      <line num="29" type="stmt" count="1"/>
      <line num="32" type="stmt" count="1"/>
      <line num="33" type="stmt" count="1"/>
      <line num="39" type="method" name="site_launch" visibility="public" complexity="1" crap="2" count="0"/>
      <line num="40" type="stmt" count="0"/>
      <line num="41" type="stmt" count="0"/>
      <line num="43" type="stmt" count="0"/>
      <line num="44" type="stmt" count="0"/>
      <line num="45" type="stmt" count="0"/>
      <line num="46" type="stmt" count="0"/>
      <line num="47" type="stmt" count="0"/>
      <line num="48" type="stmt" count="0"/>
      <line num="59" type="method" name="sso_success" visibility="public" complexity="1" crap="2" count="0"/>
      <line num="60" type="stmt" count="0"/>
      <line num="61" type="stmt" count="0"/>
      <line num="62" type="stmt" count="0"/>
      <line num="63" type="stmt" count="0"/>
      <line num="64" type="stmt" count="0"/>
      <line num="65" type="stmt" count="0"/>
      <line num="73" type="method" name="sso_fail" visibility="public" complexity="1" crap="2" count="0"/>
      <line num="74" type="stmt" count="0"/>
      <line num="75" type="stmt" count="0"/>
      <line num="76" type="stmt" count="0"/>
      <line num="77" type="stmt" count="0"/>
      <line num="78" type="stmt" count="0"/>
      <line num="79" type="stmt" count="0"/>
      <line num="80" type="stmt" count="0"/>
      <line num="90" type="method" name="staging" visibility="public" complexity="1" crap="2" count="0"/>
      <line num="91" type="stmt" count="0"/>
      <line num="92" type="stmt" count="0"/>
      <line num="93" type="stmt" count="0"/>
      <line num="94" type="stmt" count="0"/>
      <line num="95" type="stmt" count="0"/>
      <line num="96" type="stmt" count="0"/>
      <line num="97" type="stmt" count="0"/>
      <line num="107" type="method" name="feature_enable" visibility="public" complexity="1" crap="2" count="0"/>
      <line num="108" type="stmt" count="0"/>
      <line num="109" type="stmt" count="0"/>
      <line num="110" type="stmt" count="0"/>
      <line num="111" type="stmt" count="0"/>
      <line num="112" type="stmt" count="0"/>
      <line num="113" type="stmt" count="0"/>
      <line num="114" type="stmt" count="0"/>
      <line num="124" type="method" name="feature_disable" visibility="public" complexity="1" crap="2" count="0"/>
      <line num="125" type="stmt" count="0"/>
      <line num="126" type="stmt" count="0"/>
      <line num="127" type="stmt" count="0"/>
      <line num="128" type="stmt" count="0"/>
      <line num="129" type="stmt" count="0"/>
      <line num="130" type="stmt" count="0"/>
      <line num="131" type="stmt" count="0"/>
      <metrics loc="134" ncloc="84" classes="1" methods="7" coveredmethods="1" conditionals="0" coveredconditionals="0" statements="50" coveredstatements="8" elements="57" coveredelements="9"/>
    </file>
    <file name="/home/runner/work/wp-module-data/wp-module-data/includes/Listeners/Commerce.php">
      <class name="NewfoldLabs\WP\Module\Data\Listeners\Commerce" namespace="global">
        <metrics complexity="49" methods="15" coveredmethods="1" conditionals="0" coveredconditionals="0" statements="175" coveredstatements="29" elements="190" coveredelements="30"/>
      </class>
      <line num="15" type="method" name="register_hooks" visibility="public" complexity="2" crap="5.25" count="1"/>
      <line num="16" type="stmt" count="1"/>
      <line num="17" type="stmt" count="0"/>
      <line num="18" type="stmt" count="0"/>
      <line num="20" type="stmt" count="0"/>
      <line num="21" type="stmt" count="0"/>
      <line num="22" type="stmt" count="0"/>
      <line num="23" type="stmt" count="0"/>
      <line num="24" type="stmt" count="0"/>
      <line num="25" type="stmt" count="0"/>
      <line num="26" type="stmt" count="0"/>
      <line num="29" type="stmt" count="0"/>
      <line num="30" type="stmt" count="0"/>
      <line num="31" type="stmt" count="0"/>
      <line num="32" type="stmt" count="0"/>
      <line num="35" type="stmt" count="0"/>
      <line num="47" type="method" name="on_payment" visibility="public" complexity="1" crap="2" count="0"/>
      <line num="49" type="stmt" count="0"/>
      <line num="50" type="stmt" count="0"/>
      <line num="51" type="stmt" count="0"/>
      <line num="52" type="stmt" count="0"/>
      <line num="53" type="stmt" count="0"/>
      <line num="54" type="stmt" count="0"/>
      <line num="56" type="stmt" count="0"/>
      <line num="66" type="method" name="products_count" visibility="public" complexity="4" crap="20" count="0"/>
      <line num="67" type="stmt" count="0"/>
      <line num="68" type="stmt" count="0"/>
      <line num="70" type="stmt" count="0"/>
      <line num="71" type="stmt" count="0"/>
      <line num="72" type="stmt" count="0"/>
      <line num="75" type="stmt" count="0"/>
      <line num="85" type="method" name="orders_count" visibility="public" complexity="3" crap="12" count="0"/>
      <line num="86" type="stmt" count="0"/>
      <line num="87" type="stmt" count="0"/>
      <line num="90" type="stmt" count="0"/>
      <line num="91" type="stmt" count="0"/>
      <line num="92" type="stmt" count="0"/>
      <line num="93" type="stmt" count="0"/>
      <line num="94" type="stmt" count="0"/>
      <line num="96" type="stmt" count="0"/>
      <line num="98" type="stmt" count="0"/>
      <line num="99" type="stmt" count="0"/>
      <line num="102" type="stmt" count="0"/>
      <line num="110" type="method" name="site_cart_views" visibility="public" complexity="2" crap="6" count="0"/>
      <line num="111" type="stmt" count="0"/>
      <line num="112" type="stmt" count="0"/>
      <line num="113" type="stmt" count="0"/>
      <line num="114" type="stmt" count="0"/>
      <line num="115" type="stmt" count="0"/>
      <line num="116" type="stmt" count="0"/>
      <line num="118" type="stmt" count="0"/>
      <line num="119" type="stmt" count="0"/>
      <line num="120" type="stmt" count="0"/>
      <line num="121" type="stmt" count="0"/>
      <line num="131" type="method" name="checkout_views" visibility="public" complexity="1" crap="2" count="0"/>
      <line num="132" type="stmt" count="0"/>
      <line num="133" type="stmt" count="0"/>
      <line num="134" type="stmt" count="0"/>
      <line num="135" type="stmt" count="0"/>
      <line num="136" type="stmt" count="0"/>
      <line num="137" type="stmt" count="0"/>
      <line num="139" type="stmt" count="0"/>
      <line num="140" type="stmt" count="0"/>
      <line num="141" type="stmt" count="0"/>
      <line num="142" type="stmt" count="0"/>
      <line num="152" type="method" name="thank_you_page" visibility="public" complexity="2" crap="6" count="0"/>
      <line num="153" type="stmt" count="0"/>
      <line num="154" type="stmt" count="0"/>
      <line num="157" type="stmt" count="0"/>
      <line num="158" type="stmt" count="0"/>
      <line num="160" type="stmt" count="0"/>
      <line num="161" type="stmt" count="0"/>
      <line num="162" type="stmt" count="0"/>
      <line num="163" type="stmt" count="0"/>
      <line num="164" type="stmt" count="0"/>
      <line num="166" type="stmt" count="0"/>
      <line num="167" type="stmt" count="0"/>
      <line num="168" type="stmt" count="0"/>
      <line num="169" type="stmt" count="0"/>
      <line num="180" type="method" name="razorpay_connection" visibility="public" complexity="4" crap="20" count="0"/>
      <line num="181" type="stmt" count="0"/>
      <line num="182" type="stmt" count="0"/>
      <line num="183" type="stmt" count="0"/>
      <line num="184" type="stmt" count="0"/>
      <line num="185" type="stmt" count="0"/>
      <line num="186" type="stmt" count="0"/>
      <line num="187" type="stmt" count="0"/>
      <line num="188" type="stmt" count="0"/>
      <line num="189" type="stmt" count="0"/>
      <line num="190" type="stmt" count="0"/>
      <line num="191" type="stmt" count="0"/>
      <line num="192" type="stmt" count="0"/>
      <line num="195" type="stmt" count="0"/>
      <line num="206" type="method" name="shippo_connection" visibility="public" complexity="4" crap="20" count="0"/>
      <line num="207" type="stmt" count="0"/>
      <line num="208" type="stmt" count="0"/>
      <line num="209" type="stmt" count="0"/>
      <line num="210" type="stmt" count="0"/>
      <line num="211" type="stmt" count="0"/>
      <line num="212" type="stmt" count="0"/>
      <line num="213" type="stmt" count="0"/>
      <line num="214" type="stmt" count="0"/>
      <line num="215" type="stmt" count="0"/>
      <line num="216" type="stmt" count="0"/>
      <line num="217" type="stmt" count="0"/>
      <line num="218" type="stmt" count="0"/>
      <line num="221" type="stmt" count="0"/>
      <line num="232" type="method" name="stripe_connection" visibility="public" complexity="4" crap="20" count="0"/>
      <line num="233" type="stmt" count="0"/>
      <line num="234" type="stmt" count="0"/>
      <line num="235" type="stmt" count="0"/>
      <line num="236" type="stmt" count="0"/>
      <line num="237" type="stmt" count="0"/>
      <line num="238" type="stmt" count="0"/>
      <line num="239" type="stmt" count="0"/>
      <line num="240" type="stmt" count="0"/>
      <line num="241" type="stmt" count="0"/>
      <line num="242" type="stmt" count="0"/>
      <line num="243" type="stmt" count="0"/>
      <line num="244" type="stmt" count="0"/>
      <line num="247" type="stmt" count="0"/>
      <line num="258" type="method" name="paypal_connection" visibility="public" complexity="4" crap="20" count="0"/>
      <line num="259" type="stmt" count="0"/>
      <line num="260" type="stmt" count="0"/>
      <line num="261" type="stmt" count="0"/>
      <line num="262" type="stmt" count="0"/>
      <line num="263" type="stmt" count="0"/>
      <line num="264" type="stmt" count="0"/>
      <line num="265" type="stmt" count="0"/>
      <line num="266" type="stmt" count="0"/>
      <line num="267" type="stmt" count="0"/>
      <line num="268" type="stmt" count="0"/>
      <line num="269" type="stmt" count="0"/>
      <line num="270" type="stmt" count="0"/>
      <line num="273" type="stmt" count="0"/>
      <line num="284" type="method" name="ecomdash_connected" visibility="public" complexity="5" crap="30" count="0"/>
      <line num="285" type="stmt" count="0"/>
      <line num="286" type="stmt" count="0"/>
      <line num="287" type="stmt" count="0"/>
      <line num="288" type="stmt" count="0"/>
      <line num="289" type="stmt" count="0"/>
      <line num="290" type="stmt" count="0"/>
      <line num="291" type="stmt" count="0"/>
      <line num="292" type="stmt" count="0"/>
      <line num="293" type="stmt" count="0"/>
      <line num="294" type="stmt" count="0"/>
      <line num="296" type="stmt" count="0"/>
      <line num="306" type="method" name="product_created_or_updated" visibility="public" complexity="1" crap="2" count="0"/>
      <line num="307" type="stmt" count="0"/>
      <line num="308" type="stmt" count="0"/>
      <line num="309" type="stmt" count="0"/>
      <line num="310" type="stmt" count="0"/>
      <line num="311" type="stmt" count="0"/>
      <line num="313" type="stmt" count="0"/>
      <line num="314" type="stmt" count="0"/>
      <line num="315" type="stmt" count="0"/>
      <line num="316" type="stmt" count="0"/>
      <line num="329" type="method" name="woocommerce_hpos_enabled" visibility="public" complexity="5" crap="5" count="1"/>
      <line num="330" type="stmt" count="1"/>
      <line num="331" type="stmt" count="1"/>
      <line num="332" type="stmt" count="1"/>
      <line num="333" type="stmt" count="1"/>
      <line num="335" type="stmt" count="1"/>
      <line num="336" type="stmt" count="1"/>
      <line num="337" type="stmt" count="1"/>
      <line num="338" type="stmt" count="1"/>
      <line num="339" type="stmt" count="1"/>
      <line num="341" type="stmt" count="1"/>
      <line num="342" type="stmt" count="1"/>
      <line num="343" type="stmt" count="1"/>
      <line num="344" type="stmt" count="1"/>
      <line num="366" type="method" name="woopay_connection" visibility="public" complexity="7" crap="7.23" count="1"/>
      <line num="370" type="stmt" count="1"/>
      <line num="371" type="stmt" count="0"/>
      <line num="375" type="stmt" count="1"/>
      <line num="376" type="stmt" count="0"/>
      <line num="380" type="stmt" count="1"/>
      <line num="381" type="stmt" count="0"/>
      <line num="384" type="stmt" count="1"/>
      <line num="385" type="stmt" count="1"/>
      <line num="387" type="stmt" count="1"/>
      <line num="388" type="stmt" count="1"/>
      <line num="389" type="stmt" count="1"/>
      <line num="390" type="stmt" count="1"/>
      <line num="391" type="stmt" count="1"/>
      <line num="392" type="stmt" count="1"/>
      <line num="393" type="stmt" count="1"/>
      <line num="394" type="stmt" count="1"/>
      <line num="395" type="stmt" count="1"/>
      <line num="397" type="stmt" count="1"/>
      <metrics loc="400" ncloc="272" classes="1" methods="15" coveredmethods="1" conditionals="0" coveredconditionals="0" statements="175" coveredstatements="29" elements="190" coveredelements="30"/>
    </file>
    <file name="/home/runner/work/wp-module-data/wp-module-data/includes/Listeners/Content.php">
      <class name="NewfoldLabs\WP\Module\Data\Listeners\Content" namespace="global">
        <metrics complexity="13" methods="4" coveredmethods="1" conditionals="0" coveredconditionals="0" statements="50" coveredstatements="2" elements="54" coveredelements="3"/>
      </class>
      <line num="17" type="method" name="register_hooks" visibility="public" complexity="1" crap="1" count="1"/>
      <line num="19" type="stmt" count="1"/>
      <line num="22" type="stmt" count="1"/>
      <line num="34" type="method" name="post_status" visibility="public" complexity="8" crap="72" count="0"/>
      <line num="36" type="stmt" count="0"/>
      <line num="41" type="stmt" count="0"/>
      <line num="42" type="stmt" count="0"/>
      <line num="45" type="stmt" count="0"/>
      <line num="46" type="stmt" count="0"/>
      <line num="47" type="stmt" count="0"/>
      <line num="48" type="stmt" count="0"/>
      <line num="49" type="stmt" count="0"/>
      <line num="50" type="stmt" count="0"/>
      <line num="51" type="stmt" count="0"/>
      <line num="52" type="stmt" count="0"/>
      <line num="53" type="stmt" count="0"/>
      <line num="54" type="stmt" count="0"/>
      <line num="55" type="stmt" count="0"/>
      <line num="56" type="stmt" count="0"/>
      <line num="57" type="stmt" count="0"/>
      <line num="58" type="stmt" count="0"/>
      <line num="59" type="stmt" count="0"/>
      <line num="60" type="stmt" count="0"/>
      <line num="61" type="stmt" count="0"/>
      <line num="63" type="stmt" count="0"/>
      <line num="64" type="stmt" count="0"/>
      <line num="66" type="stmt" count="0"/>
      <line num="67" type="stmt" count="0"/>
      <line num="70" type="stmt" count="0"/>
      <line num="71" type="stmt" count="0"/>
      <line num="82" type="method" name="count_posts" visibility="public" complexity="1" crap="2" count="0"/>
      <line num="83" type="stmt" count="0"/>
      <line num="84" type="stmt" count="0"/>
      <line num="85" type="stmt" count="0"/>
      <line num="86" type="stmt" count="0"/>
      <line num="87" type="stmt" count="0"/>
      <line num="88" type="stmt" count="0"/>
      <line num="89" type="stmt" count="0"/>
      <line num="91" type="stmt" count="0"/>
      <line num="103" type="method" name="comment_status" visibility="public" complexity="3" crap="12" count="0"/>
      <line num="104" type="stmt" count="0"/>
      <line num="105" type="stmt" count="0"/>
      <line num="106" type="stmt" count="0"/>
      <line num="107" type="stmt" count="0"/>
      <line num="108" type="stmt" count="0"/>
      <line num="109" type="stmt" count="0"/>
      <line num="110" type="stmt" count="0"/>
      <line num="111" type="stmt" count="0"/>
      <line num="112" type="stmt" count="0"/>
      <line num="113" type="stmt" count="0"/>
      <line num="114" type="stmt" count="0"/>
      <line num="115" type="stmt" count="0"/>
      <line num="116" type="stmt" count="0"/>
      <line num="117" type="stmt" count="0"/>
      <metrics loc="121" ncloc="85" classes="1" methods="4" coveredmethods="1" conditionals="0" coveredconditionals="0" statements="50" coveredstatements="2" elements="54" coveredelements="3"/>
    </file>
    <file name="/home/runner/work/wp-module-data/wp-module-data/includes/Listeners/Cron.php">
      <class name="NewfoldLabs\WP\Module\Data\Listeners\Cron" namespace="global">
        <metrics complexity="6" methods="3" coveredmethods="3" conditionals="0" coveredconditionals="0" statements="19" coveredstatements="19" elements="22" coveredelements="22"/>
      </class>
      <line num="19" type="method" name="register_hooks" visibility="public" complexity="2" crap="2" count="3"/>
      <line num="23" type="stmt" count="3"/>
      <line num="26" type="stmt" count="3"/>
      <line num="29" type="stmt" count="3"/>
      <line num="30" type="stmt" count="1"/>
      <line num="31" type="stmt" count="1"/>
      <line num="32" type="stmt" count="1"/>
      <line num="33" type="stmt" count="1"/>
      <line num="34" type="stmt" count="1"/>
      <line num="44" type="method" name="update" visibility="public" complexity="1" crap="1" count="1"/>
      <line num="45" type="stmt" count="1"/>
      <line num="46" type="stmt" count="1"/>
      <line num="47" type="stmt" count="1"/>
      <line num="49" type="stmt" count="1"/>
      <line num="51" type="stmt" count="1"/>
      <line num="63" type="method" name="add_weekly_schedule" visibility="public" complexity="3" crap="3" count="2"/>
      <line num="64" type="stmt" count="2"/>
      <line num="65" type="stmt" count="2"/>
      <line num="66" type="stmt" count="2"/>
      <line num="67" type="stmt" count="2"/>
      <line num="68" type="stmt" count="2"/>
      <line num="70" type="stmt" count="2"/>
      <metrics loc="73" ncloc="45" classes="1" methods="3" coveredmethods="3" conditionals="0" coveredconditionals="0" statements="19" coveredstatements="19" elements="22" coveredelements="22"/>
    </file>
    <file name="/home/runner/work/wp-module-data/wp-module-data/includes/Listeners/Jetpack.php">
      <class name="NewfoldLabs\WP\Module\Data\Listeners\Jetpack" namespace="global">
        <metrics complexity="11" methods="6" coveredmethods="1" conditionals="0" coveredconditionals="0" statements="43" coveredstatements="5" elements="49" coveredelements="6"/>
      </class>
      <line num="33" type="method" name="register_hooks" visibility="public" complexity="1" crap="1" count="1"/>
      <line num="35" type="stmt" count="1"/>
      <line num="38" type="stmt" count="1"/>
      <line num="39" type="stmt" count="1"/>
      <line num="40" type="stmt" count="1"/>
      <line num="42" type="stmt" count="1"/>
      <line num="53" type="method" name="connected" visibility="public" complexity="1" crap="2" count="0"/>
      <line num="54" type="stmt" count="0"/>
      <line num="55" type="stmt" count="0"/>
      <line num="56" type="stmt" count="0"/>
      <line num="57" type="stmt" count="0"/>
      <line num="58" type="stmt" count="0"/>
      <line num="59" type="stmt" count="0"/>
      <line num="60" type="stmt" count="0"/>
      <line num="69" type="method" name="module_enabled" visibility="public" complexity="1" crap="2" count="0"/>
      <line num="70" type="stmt" count="0"/>
      <line num="71" type="stmt" count="0"/>
      <line num="72" type="stmt" count="0"/>
      <line num="73" type="stmt" count="0"/>
      <line num="74" type="stmt" count="0"/>
      <line num="75" type="stmt" count="0"/>
      <line num="76" type="stmt" count="0"/>
      <line num="85" type="method" name="module_disabled" visibility="public" complexity="1" crap="2" count="0"/>
      <line num="86" type="stmt" count="0"/>
      <line num="87" type="stmt" count="0"/>
      <line num="88" type="stmt" count="0"/>
      <line num="89" type="stmt" count="0"/>
      <line num="90" type="stmt" count="0"/>
      <line num="91" type="stmt" count="0"/>
      <line num="92" type="stmt" count="0"/>
      <line num="104" type="method" name="publicize" visibility="public" complexity="2" crap="6" count="0"/>
      <line num="106" type="stmt" count="0"/>
      <line num="107" type="stmt" count="0"/>
      <line num="109" type="stmt" count="0"/>
      <line num="110" type="stmt" count="0"/>
      <line num="111" type="stmt" count="0"/>
      <line num="112" type="stmt" count="0"/>
      <line num="113" type="stmt" count="0"/>
      <line num="114" type="stmt" count="0"/>
      <line num="115" type="stmt" count="0"/>
      <line num="124" type="method" name="detect_plugin_activation" visibility="public" complexity="5" crap="30" count="0"/>
      <line num="125" type="stmt" count="0"/>
      <line num="126" type="stmt" count="0"/>
      <line num="127" type="stmt" count="0"/>
      <line num="128" type="stmt" count="0"/>
      <line num="129" type="stmt" count="0"/>
      <line num="131" type="stmt" count="0"/>
      <line num="132" type="stmt" count="0"/>
      <line num="133" type="stmt" count="0"/>
      <metrics loc="137" ncloc="85" classes="1" methods="6" coveredmethods="1" conditionals="0" coveredconditionals="0" statements="43" coveredstatements="5" elements="49" coveredelements="6"/>
    </file>
    <file name="/home/runner/work/wp-module-data/wp-module-data/includes/Listeners/Listener.php">
      <class name="NewfoldLabs\WP\Module\Data\Listeners\Listener" namespace="global">
        <metrics complexity="4" methods="3" coveredmethods="1" conditionals="0" coveredconditionals="0" statements="8" coveredstatements="1" elements="11" coveredelements="2"/>
      </class>
      <line num="25" type="method" name="__construct" visibility="public" complexity="1" crap="1" count="1"/>
      <line num="26" type="stmt" count="1"/>
      <line num="41" type="method" name="push" visibility="protected" complexity="1" crap="2" count="0"/>
      <line num="42" type="stmt" count="0"/>
      <line num="43" type="stmt" count="0"/>
      <line num="44" type="stmt" count="0"/>
      <line num="52" type="method" name="get_class_name" visibility="protected" complexity="1" crap="2" count="0"/>
      <line num="53" type="stmt" count="0"/>
      <line num="54" type="stmt" count="0"/>
      <line num="56" type="stmt" count="0"/>
      <metrics loc="59" ncloc="31" classes="1" methods="3" coveredmethods="1" conditionals="0" coveredconditionals="0" statements="8" coveredstatements="1" elements="11" coveredelements="2"/>
    </file>
    <file name="/home/runner/work/wp-module-data/wp-module-data/includes/Listeners/Plugin.php">
      <class name="NewfoldLabs\WP\Module\Data\Listeners\Plugin" namespace="global">
        <metrics complexity="20" methods="9" coveredmethods="1" conditionals="0" coveredconditionals="0" statements="55" coveredstatements="25" elements="64" coveredelements="26"/>
      </class>
      <line num="27" type="method" name="__construct" visibility="public" complexity="1" crap="1" count="1"/>
      <line num="31" type="stmt" count="1"/>
      <line num="32" type="stmt" count="1"/>
      <line num="40" type="method" name="register_hooks" visibility="public" complexity="2" crap="2.38" count="1"/>
      <line num="42" type="stmt" count="1"/>
      <line num="43" type="stmt" count="1"/>
      <line num="44" type="stmt" count="1"/>
      <line num="45" type="stmt" count="1"/>
      <line num="46" type="stmt" count="1"/>
      <line num="49" type="stmt" count="1"/>
      <line num="50" type="stmt" count="0"/>
      <line num="51" type="stmt" count="0"/>
      <line num="52" type="stmt" count="0"/>
      <line num="53" type="stmt" count="0"/>
      <line num="54" type="stmt" count="0"/>
      <line num="66" type="method" name="activated" visibility="public" complexity="1" crap="2" count="0"/>
      <line num="67" type="stmt" count="0"/>
      <line num="68" type="stmt" count="0"/>
      <line num="69" type="stmt" count="0"/>
      <line num="70" type="stmt" count="0"/>
      <line num="71" type="stmt" count="0"/>
      <line num="82" type="method" name="deactivated" visibility="public" complexity="1" crap="2" count="0"/>
      <line num="83" type="stmt" count="0"/>
      <line num="84" type="stmt" count="0"/>
      <line num="85" type="stmt" count="0"/>
      <line num="86" type="stmt" count="0"/>
      <line num="89" type="stmt" count="0"/>
      <line num="91" type="stmt" count="0"/>
      <line num="101" type="method" name="save_deleted" visibility="public" complexity="1" crap="2" count="0"/>
      <line num="102" type="stmt" count="0"/>
      <line num="113" type="method" name="deleted" visibility="public" complexity="2" crap="6" count="0"/>
      <line num="115" type="stmt" count="0"/>
      <line num="116" type="stmt" count="0"/>
[...]
    </file>
    <file name="/home/runner/work/wp-module-data/wp-module-data/includes/Logger.php">
      <class name="NewfoldLabs\WP\Module\Data\Logger" namespace="global">
        <metrics complexity="3" methods="1" coveredmethods="0" conditionals="0" coveredconditionals="0" statements="5" coveredstatements="0" elements="6" coveredelements="0"/>
      </class>
      <line num="15" type="method" name="notify" visibility="public" complexity="3" crap="12" count="0"/>
      <line num="16" type="stmt" count="0"/>
      <line num="17" type="stmt" count="0"/>
      <line num="18" type="stmt" count="0"/>
      <line num="20" type="stmt" count="0"/>
      <line num="21" type="stmt" count="0"/>
      <metrics loc="25" ncloc="17" classes="1" methods="1" coveredmethods="0" conditionals="0" coveredconditionals="0" statements="5" coveredstatements="0" elements="6" coveredelements="0"/>
    </file>
    <file name="/home/runner/work/wp-module-data/wp-module-data/includes/SiteCapabilities.php">
      <class name="NewfoldLabs\WP\Module\Data\SiteCapabilities" namespace="global">
        <metrics complexity="14" methods="7" coveredmethods="7" conditionals="0" coveredconditionals="0" statements="31" coveredstatements="31" elements="38" coveredelements="38"/>
      </class>
      <line num="29" type="method" name="__construct" visibility="public" complexity="1" crap="1" count="1"/>
      <line num="30" type="stmt" count="1"/>
      <line num="45" type="method" name="get" visibility="public" complexity="2" crap="2" count="1"/>
      <line num="46" type="stmt" count="1"/>
      <line num="58" type="method" name="update" visibility="public" complexity="1" crap="1" count="1"/>
      <line num="59" type="stmt" count="1"/>
      <line num="60" type="stmt" count="1"/>
      <line num="73" type="method" name="set" visibility="public" complexity="1" crap="1" count="1"/>
      <line num="74" type="stmt" count="1"/>
      <line num="84" type="method" name="all" visibility="public" complexity="3" crap="3" count="5"/>
      <line num="85" type="stmt" count="5"/>
      <line num="87" type="stmt" count="5"/>
      <line num="88" type="stmt" count="1"/>
      <line num="91" type="stmt" count="4"/>
      <line num="92" type="stmt" count="3"/>
      <line num="93" type="stmt" count="3"/>
      <line num="94" type="stmt" count="3"/>
      <line num="97" type="stmt" count="1"/>
      <line num="105" type="method" name="exists" visibility="protected" complexity="1" crap="1" count="1"/>
      <line num="106" type="stmt" count="1"/>
      <line num="114" type="method" name="fetch" visibility="protected" complexity="5" crap="5" count="3"/>
      <line num="115" type="stmt" count="3"/>
      <line num="117" type="stmt" count="3"/>
      <line num="118" type="stmt" count="3"/>
      <line num="119" type="stmt" count="3"/>
      <line num="120" type="stmt" count="3"/>
      <line num="121" type="stmt" count="3"/>
      <line num="122" type="stmt" count="3"/>
      <line num="123" type="stmt" count="3"/>
      <line num="124" type="stmt" count="3"/>
      <line num="125" type="stmt" count="3"/>
      <line num="126" type="stmt" count="3"/>
      <line num="128" type="stmt" count="3"/>
      <line num="129" type="stmt" count="1"/>
      <line num="130" type="stmt" count="1"/>
      <line num="131" type="stmt" count="1"/>
      <line num="132" type="stmt" count="1"/>
      <line num="136" type="stmt" count="3"/>
      <metrics loc="139" ncloc="74" classes="1" methods="7" coveredmethods="7" conditionals="0" coveredconditionals="0" statements="31" coveredstatements="31" elements="38" coveredelements="38"/>
    </file>
    <file name="/home/runner/work/wp-module-data/wp-module-data/includes/SiteClassification/PrimaryType.php">
      <class name="NewfoldLabs\WP\Module\Data\SiteClassification\PrimaryType" namespace="global">
        <metrics complexity="11" methods="3" coveredmethods="0" conditionals="0" coveredconditionals="0" statements="16" coveredstatements="0" elements="19" coveredelements="0"/>
      </class>
      <line num="26" type="method" name="__construct" visibility="public" complexity="1" crap="2" count="0"/>
      <line num="27" type="stmt" count="0"/>
      <line num="35" type="method" name="validate" visibility="public" complexity="4" crap="20" count="0"/>
      <line num="37" type="stmt" count="0"/>
      <line num="38" type="stmt" count="0"/>
      <line num="42" type="stmt" count="0"/>
      <line num="44" type="stmt" count="0"/>
      <line num="45" type="stmt" count="0"/>
      <line num="48" type="stmt" count="0"/>
      <line num="56" type="method" name="instantiate_from_option" visibility="public" complexity="6" crap="42" count="0"/>
      <line num="57" type="stmt" count="0"/>
      <line num="59" type="stmt" count="0"/>
      <line num="60" type="stmt" count="0"/>
      <line num="61" type="stmt" count="0"/>
      <line num="64" type="stmt" count="0"/>
      <line num="65" type="stmt" count="0"/>
      <line num="66" type="stmt" count="0"/>
      <line num="67" type="stmt" count="0"/>
      <line num="70" type="stmt" count="0"/>
      <metrics loc="73" ncloc="42" classes="1" methods="3" coveredmethods="0" conditionals="0" coveredconditionals="0" statements="16" coveredstatements="0" elements="19" coveredelements="0"/>
    </file>
    <file name="/home/runner/work/wp-module-data/wp-module-data/includes/SiteClassification/SecondaryType.php">
      <class name="NewfoldLabs\WP\Module\Data\SiteClassification\SecondaryType" namespace="global">
        <metrics complexity="12" methods="3" coveredmethods="0" conditionals="0" coveredconditionals="0" statements="20" coveredstatements="0" elements="23" coveredelements="0"/>
      </class>
      <line num="26" type="method" name="__construct" visibility="public" complexity="1" crap="2" count="0"/>
      <line num="27" type="stmt" count="0"/>
      <line num="35" type="method" name="validate" visibility="public" complexity="5" crap="30" count="0"/>
      <line num="37" type="stmt" count="0"/>
      <line num="38" type="stmt" count="0"/>
      <line num="42" type="stmt" count="0"/>
      <line num="44" type="stmt" count="0"/>
      <line num="45" type="stmt" count="0"/>
      <line num="48" type="stmt" count="0"/>
      <line num="49" type="stmt" count="0"/>
      <line num="51" type="stmt" count="0"/>
      <line num="52" type="stmt" count="0"/>
      <line num="55" type="stmt" count="0"/>
      <line num="63" type="method" name="instantiate_from_option" visibility="public" complexity="6" crap="42" count="0"/>
      <line num="64" type="stmt" count="0"/>
      <line num="66" type="stmt" count="0"/>
      <line num="67" type="stmt" count="0"/>
      <line num="68" type="stmt" count="0"/>
      <line num="71" type="stmt" count="0"/>
      <line num="72" type="stmt" count="0"/>
      <line num="73" type="stmt" count="0"/>
      <line num="74" type="stmt" count="0"/>
      <line num="77" type="stmt" count="0"/>
      <metrics loc="80" ncloc="48" classes="1" methods="3" coveredmethods="0" conditionals="0" coveredconditionals="0" statements="20" coveredstatements="0" elements="23" coveredelements="0"/>
    </file>
    <file name="/home/runner/work/wp-module-data/wp-module-data/includes/SiteClassification/SiteClassification.php">
      <class name="NewfoldLabs\WP\Module\Data\SiteClassification\SiteClassification" namespace="global">
        <metrics complexity="14" methods="3" coveredmethods="0" conditionals="0" coveredconditionals="0" statements="46" coveredstatements="0" elements="49" coveredelements="0"/>
      </class>
      <line num="27" type="method" name="get" visibility="public" complexity="4" crap="20" count="0"/>
      <line num="29" type="stmt" count="0"/>
      <line num="31" type="stmt" count="0"/>
      <line num="33" type="stmt" count="0"/>
      <line num="34" type="stmt" count="0"/>
      <line num="35" type="stmt" count="0"/>
      <line num="39" type="stmt" count="0"/>
      <line num="40" type="stmt" count="0"/>
      <line num="41" type="stmt" count="0"/>
      <line num="42" type="stmt" count="0"/>
      <line num="46" type="stmt" count="0"/>
      <line num="47" type="stmt" count="0"/>
      <line num="48" type="stmt" count="0"/>
      <line num="49" type="stmt" count="0"/>
      <line num="50" type="stmt" count="0"/>
      <line num="54" type="stmt" count="0"/>
      <line num="55" type="stmt" count="0"/>
      <line num="64" type="method" name="fetch_from_worker" visibility="public" complexity="5" crap="30" count="0"/>
      <line num="65" type="stmt" count="0"/>
      <line num="66" type="stmt" count="0"/>
      <line num="67" type="stmt" count="0"/>
      <line num="68" type="stmt" count="0"/>
      <line num="69" type="stmt" count="0"/>
      <line num="70" type="stmt" count="0"/>
      <line num="71" type="stmt" count="0"/>
      <line num="72" type="stmt" count="0"/>
      <line num="73" type="stmt" count="0"/>
      <line num="74" type="stmt" count="0"/>
      <line num="75" type="stmt" count="0"/>
      <line num="76" type="stmt" count="0"/>
      <line num="78" type="stmt" count="0"/>
      <line num="79" type="stmt" count="0"/>
      <line num="82" type="stmt" count="0"/>
      <line num="83" type="stmt" count="0"/>
      <line num="84" type="stmt" count="0"/>
      <line num="85" type="stmt" count="0"/>
      <line num="88" type="stmt" count="0"/>
      <line num="97" type="method" name="fetch_from_static_file" visibility="public" complexity="5" crap="30" count="0"/>
      <line num="98" type="stmt" count="0"/>
      <line num="100" type="stmt" count="0"/>
      <line num="101" type="stmt" count="0"/>
      <line num="102" type="stmt" count="0"/>
      <line num="106" type="stmt" count="0"/>
      <line num="107" type="stmt" count="0"/>
      <line num="108" type="stmt" count="0"/>
      <line num="112" type="stmt" count="0"/>
      <line num="113" type="stmt" count="0"/>
      <line num="114" type="stmt" count="0"/>
      <line num="117" type="stmt" count="0"/>
      <metrics loc="120" ncloc="85" classes="1" methods="3" coveredmethods="0" conditionals="0" coveredconditionals="0" statements="46" coveredstatements="0" elements="49" coveredelements="0"/>
    </file>
    <file name="/home/runner/work/wp-module-data/wp-module-data/includes/SiteClassification/Types.php">
      <class name="NewfoldLabs\WP\Module\Data\SiteClassification\Types" namespace="global">
        <metrics complexity="6" methods="5" coveredmethods="0" conditionals="0" coveredconditionals="0" statements="13" coveredstatements="0" elements="18" coveredelements="0"/>
      </class>
      <line num="37" type="method" name="__construct" visibility="public" complexity="1" crap="2" count="0"/>
      <line num="38" type="stmt" count="0"/>
      <line num="39" type="stmt" count="0"/>
      <line num="40" type="stmt" count="0"/>
      <line num="49" type="method" name="set_refers" visibility="public" complexity="1" crap="2" count="0"/>
      <line num="50" type="stmt" count="0"/>
      <line num="59" type="method" name="set_value" visibility="public" complexity="1" crap="2" count="0"/>
      <line num="60" type="stmt" count="0"/>
      <line num="68" type="method" name="save" visibility="public" complexity="2" crap="6" count="0"/>
      <line num="69" type="stmt" count="0"/>
      <line num="70" type="stmt" count="0"/>
      <line num="72" type="stmt" count="0"/>
      <line num="73" type="stmt" count="0"/>
      <line num="81" type="method" name="to_array" visibility="public" complexity="1" crap="2" count="0"/>
      <line num="82" type="stmt" count="0"/>
      <line num="83" type="stmt" count="0"/>
      <line num="84" type="stmt" count="0"/>
      <line num="85" type="stmt" count="0"/>
      <metrics loc="95" ncloc="43" classes="1" methods="5" coveredmethods="0" conditionals="0" coveredconditionals="0" statements="13" coveredstatements="0" elements="18" coveredelements="0"/>
    </file>
    <file name="/home/runner/work/wp-module-data/wp-module-data/includes/SubscriberInterface.php">
      <metrics loc="17" ncloc="9" classes="0" methods="0" coveredmethods="0" conditionals="0" coveredconditionals="0" statements="0" coveredstatements="0" elements="0" coveredelements="0"/>
    </file>
    <file name="/home/runner/work/wp-module-data/wp-module-data/includes/WonderBlocks/Requests/Fetch.php">
      <class name="NewfoldLabs\WP\Module\Data\WonderBlocks\Requests\Fetch" namespace="global">
        <metrics complexity="9" methods="6" coveredmethods="2" conditionals="0" coveredconditionals="0" statements="21" coveredstatements="10" elements="27" coveredelements="12"/>
      </class>
      <line num="69" type="method" name="__construct" visibility="public" complexity="2" crap="2" count="2"/>
      <line num="70" type="stmt" count="2"/>
      <line num="71" type="stmt" count="2"/>
      <line num="72" type="stmt" count="2"/>
      <line num="81" type="method" name="get_url" visibility="public" complexity="3" crap="3" count="2"/>
      <line num="82" type="stmt" count="2"/>
      <line num="83" type="stmt" count="2"/>
      <line num="84" type="stmt" count="2"/>
      <line num="85" type="stmt" count="2"/>
      <line num="86" type="stmt" count="1"/>
      <line num="90" type="stmt" count="2"/>
      <line num="98" type="method" name="get_args" visibility="public" complexity="1" crap="2" count="0"/>
      <line num="99" type="stmt" count="0"/>
      <line num="100" type="stmt" count="0"/>
      <line num="101" type="stmt" count="0"/>
      <line num="102" type="stmt" count="0"/>
      <line num="103" type="stmt" count="0"/>
      <line num="104" type="stmt" count="0"/>
      <line num="110" type="method" name="should_cache" visibility="public" complexity="1" crap="2" count="0"/>
      <line num="111" type="stmt" count="0"/>
      <line num="117" type="method" name="get_cache_timeout" visibility="public" complexity="1" crap="2" count="0"/>
      <line num="118" type="stmt" count="0"/>
      <line num="124" type="method" name="get_md5_hash" visibility="public" complexity="1" crap="2" count="0"/>
      <line num="125" type="stmt" count="0"/>
      <line num="127" type="stmt" count="0"/>
      <line num="128" type="stmt" count="0"/>
      <metrics loc="131" ncloc="66" classes="1" methods="6" coveredmethods="2" conditionals="0" coveredconditionals="0" statements="21" coveredstatements="10" elements="27" coveredelements="12"/>
    </file>
    <file name="/home/runner/work/wp-module-data/wp-module-data/includes/WonderBlocks/Requests/Request.php">
      <class name="NewfoldLabs\WP\Module\Data\WonderBlocks\Requests\Request" namespace="global">
        <metrics complexity="4" methods="2" coveredmethods="2" conditionals="0" coveredconditionals="0" statements="4" coveredstatements="4" elements="6" coveredelements="6"/>
      </class>
      <line num="33" type="method" name="get_base_url" visibility="public" complexity="3" crap="3" count="3"/>
      <line num="34" type="stmt" count="3"/>
      <line num="35" type="stmt" count="1"/>
      <line num="38" type="stmt" count="2"/>
      <line num="44" type="method" name="get_endpoint" visibility="public" complexity="1" crap="1" count="1"/>
      <line num="45" type="stmt" count="1"/>
      <metrics loc="53" ncloc="26" classes="1" methods="2" coveredmethods="2" conditionals="0" coveredconditionals="0" statements="4" coveredstatements="4" elements="6" coveredelements="6"/>
    </file>
    <file name="/home/runner/work/wp-module-data/wp-module-data/includes/WonderBlocks/WonderBlocks.php">
      <class name="NewfoldLabs\WP\Module\Data\WonderBlocks\WonderBlocks" namespace="global">
        <metrics complexity="13" methods="3" coveredmethods="1" conditionals="0" coveredconditionals="0" statements="34" coveredstatements="27" elements="37" coveredelements="28"/>
      </class>
      <line num="22" type="method" name="fetch" visibility="public" complexity="10" crap="10.26" count="3"/>
      <line num="25" type="stmt" count="3"/>
      <line num="26" type="stmt" count="3"/>
      <line num="28" type="stmt" count="3"/>
      <line num="30" type="stmt" count="2"/>
      <line num="31" type="stmt" count="2"/>
      <line num="32" type="stmt" count="1"/>
      <line num="36" type="stmt" count="2"/>
      <line num="37" type="stmt" count="2"/>
      <line num="38" type="stmt" count="0"/>
      <line num="42" type="stmt" count="2"/>
      <line num="43" type="stmt" count="2"/>
      <line num="44" type="stmt" count="2"/>
      <line num="45" type="stmt" count="2"/>
      <line num="46" type="stmt" count="2"/>
      <line num="47" type="stmt" count="2"/>
      <line num="48" type="stmt" count="2"/>
      <line num="50" type="stmt" count="2"/>
      <line num="51" type="stmt" count="2"/>
      <line num="52" type="stmt" count="2"/>
      <line num="53" type="stmt" count="2"/>
      <line num="54" type="stmt" count="2"/>
      <line num="55" type="stmt" count="0"/>
      <line num="58" type="stmt" count="2"/>
      <line num="59" type="stmt" count="2"/>
      <line num="61" type="stmt" count="2"/>
      <line num="62" type="stmt" count="0"/>
      <line num="66" type="stmt" count="2"/>
      <line num="67" type="stmt" count="0"/>
      <line num="70" type="stmt" count="2"/>
      <line num="76" type="method" name="is_dev_mode" visibility="protected" complexity="2" crap="2" count="3"/>
      <line num="77" type="stmt" count="3"/>
      <line num="78" type="stmt" count="3"/>
      <line num="86" type="method" name="clear_cache" visibility="public" complexity="1" crap="2" count="0"/>
      <line num="87" type="stmt" count="0"/>
      <line num="88" type="stmt" count="0"/>
      <line num="89" type="stmt" count="0"/>
      <metrics loc="92" ncloc="68" classes="1" methods="3" coveredmethods="1" conditionals="0" coveredconditionals="0" statements="34" coveredstatements="27" elements="37" coveredelements="28"/>
    </file>
    <file name="/home/runner/work/wp-module-data/wp-module-data/upgrades/2.3.1.php">
      <line num="3" type="stmt" count="0"/>
      <metrics loc="4" ncloc="4" classes="0" methods="0" coveredmethods="0" conditionals="0" coveredconditionals="0" statements="1" coveredstatements="0" elements="1" coveredelements="0"/>
    </file>
    <file name="/home/runner/work/wp-module-data/wp-module-data/upgrades/2.4.2.php">
      <line num="3" type="stmt" count="0"/>
      <metrics loc="4" ncloc="4" classes="0" methods="0" coveredmethods="0" conditionals="0" coveredconditionals="0" statements="1" coveredstatements="0" elements="1" coveredelements="0"/>
    </file>
    <file name="/home/runner/work/wp-module-data/wp-module-data/upgrades/2.4.22.php">
      <line num="5" type="stmt" count="0"/>
      <line num="6" type="stmt" count="0"/>
      <line num="7" type="stmt" count="0"/>
      <line num="8" type="stmt" count="0"/>
      <line num="9" type="stmt" count="0"/>
      <line num="10" type="stmt" count="0"/>
      <line num="11" type="stmt" count="0"/>
      <line num="12" type="stmt" count="0"/>
      <line num="13" type="stmt" count="0"/>
      <line num="14" type="stmt" count="0"/>
      <line num="15" type="stmt" count="0"/>
      <line num="16" type="stmt" count="0"/>
      <line num="17" type="stmt" count="0"/>
      <line num="18" type="stmt" count="0"/>
      <line num="20" type="stmt" count="0"/>
      <line num="21" type="stmt" count="0"/>
      <line num="23" type="stmt" count="0"/>
      <line num="24" type="stmt" count="0"/>
      <metrics loc="25" ncloc="25" classes="0" methods="0" coveredmethods="0" conditionals="0" coveredconditionals="0" statements="18" coveredstatements="0" elements="18" coveredelements="0"/>
    </file>
    <metrics files="42" loc="5286" ncloc="3301" classes="37" methods="194" coveredmethods="60" conditionals="0" coveredconditionals="0" statements="1603" coveredstatements="554" elements="1797" coveredelements="614"/>
  </project>
</coverage>
